2026-02-26 16:31:44,445 - INFO - [系统] 0% - 正在读取数据文件...
2026-02-26 16:31:45,297 - INFO - [提示] 0% - 程序已启动。如需中途停止，请按 Ctrl+C，程序将保存当前进度后安全退出。
2026-02-26 16:31:45,298 - INFO - [开始] 1% - 正在处理第 1/100 行: All I Want For Christmas Is You - Mariah Carey
2026-02-26 16:31:45,298 - INFO - [导航] 1% - 正在打开首页...
2026-02-26 16:31:46,036 - INFO - [等待] ...% - 随机延迟 3.36 秒...
2026-02-26 16:31:49,396 - INFO - [搜索] 1% - 正在搜索: Mariah Carey All I Want For Christmas Is You
2026-02-26 16:31:49,661 - INFO - [等待] ...% - 随机延迟 5.55 秒...
2026-02-26 16:31:55,398 - INFO - [解析] 1% - 找到链接: https://tabs.ultimate-guitar.com/tab/mariah-carey/all-i-want-for-christmas-is-you-chords-762206
2026-02-26 16:31:55,398 - INFO - [抓取] 1% - 进入详情页下载...
2026-02-26 16:31:56,978 - INFO - [等待] ...% - 随机延迟 3.29 秒...
2026-02-26 16:32:00,304 - INFO - [成功] 1% - 网页保存成功
2026-02-26 16:32:00,305 - INFO - [等待] ...% - 随机延迟 4.68 秒...
2026-02-26 16:32:04,988 - INFO - [开始] 2% - 正在处理第 2/100 行: Jingle Bell Rock - Bobby Helms
2026-02-26 16:32:04,989 - INFO - [导航] 2% - 正在打开首页...
2026-02-26 16:32:06,057 - INFO - [等待] ...% - 随机延迟 3.86 秒...
2026-02-26 16:32:09,923 - INFO - [搜索] 2% - 正在搜索: Bobby Helms Jingle Bell Rock
2026-02-26 16:32:10,739 - INFO - [等待] ...% - 随机延迟 4.66 秒...
2026-02-26 16:32:15,509 - INFO - [解析] 2% - 找到链接: https://tabs.ultimate-guitar.com/tab/bobby-helms/jingle-bell-rock-chords-1014762
2026-02-26 16:32:15,509 - INFO - [抓取] 2% - 进入详情页下载...
2026-02-26 16:32:16,040 - INFO - [等待] ...% - 随机延迟 3.49 秒...
2026-02-26 16:32:19,564 - INFO - [成功] 2% - 网页保存成功
2026-02-26 16:32:19,588 - INFO - [保存] 2% - 数据已同步到磁盘
2026-02-26 16:32:19,588 - INFO - [等待] ...% - 随机延迟 3.45 秒...
2026-02-26 16:32:23,042 - INFO - [开始] 3% - 正在处理第 3/100 行: Rockin' Around The Christmas Tree - Brenda Lee
2026-02-26 16:32:23,042 - INFO - [导航] 3% - 正在打开首页...
2026-02-26 16:32:23,714 - INFO - [等待] ...% - 随机延迟 4.23 秒...
2026-02-26 16:32:27,945 - INFO - [搜索] 3% - 正在搜索: Brenda Lee Rockin' Around The Christmas Tree
2026-02-26 16:32:29,246 - INFO - [等待] ...% - 随机延迟 4.89 秒...
2026-02-26 16:32:34,344 - INFO - [解析] 3% - 找到链接: https://tabs.ultimate-guitar.com/tab/brenda-lee/rockin-around-the-christmas-tree-chords-275920
2026-02-26 16:32:34,344 - INFO - [抓取] 3% - 进入详情页下载...
2026-02-26 16:32:35,553 - INFO - [等待] ...% - 随机延迟 3.04 秒...
2026-02-26 16:32:38,623 - INFO - [成功] 3% - 网页保存成功
2026-02-26 16:32:38,623 - INFO - [等待] ...% - 随机延迟 4.43 秒...
2026-02-26 16:32:43,058 - INFO - [开始] 4% - 正在处理第 4/100 行: Last Christmas - Wham!
2026-02-26 16:32:43,058 - INFO - [导航] 4% - 正在打开首页...
2026-02-26 16:32:46,493 - INFO - [等待] ...% - 随机延迟 4.01 秒...
2026-02-26 16:32:50,510 - INFO - [搜索] 4% - 正在搜索: Wham! Last Christmas
2026-02-26 16:32:51,169 - INFO - [等待] ...% - 随机延迟 4.43 秒...
2026-02-26 16:32:55,704 - INFO - [解析] 4% - 找到链接: https://tabs.ultimate-guitar.com/tab/wham/last-christmas-chords-169565
2026-02-26 16:32:55,704 - INFO - [抓取] 4% - 进入详情页下载...
2026-02-26 16:32:56,201 - INFO - [等待] ...% - 随机延迟 5.55 秒...
2026-02-26 16:33:01,779 - INFO - [成功] 4% - 网页保存成功
2026-02-26 16:33:01,796 - INFO - [保存] 4% - 数据已同步到磁盘
2026-02-26 16:33:01,796 - INFO - [等待] ...% - 随机延迟 4.36 秒...
2026-02-26 16:33:06,156 - INFO - [开始] 5% - 正在处理第 5/100 行: Santa Tell Me - Ariana Grande
2026-02-26 16:33:06,156 - INFO - [导航] 5% - 正在打开首页...
2026-02-26 16:33:06,940 - INFO - [等待] ...% - 随机延迟 3.60 秒...
2026-02-26 16:33:10,543 - INFO - [搜索] 5% - 正在搜索: Ariana Grande Santa Tell Me
2026-02-26 16:33:11,259 - INFO - [等待] ...% - 随机延迟 5.42 秒...
2026-02-26 16:33:16,752 - INFO - [解析] 5% - 找到链接: https://tabs.ultimate-guitar.com/tab/ariana-grande/santa-tell-me-chords-1684220
2026-02-26 16:33:16,752 - INFO - [抓取] 5% - 进入详情页下载...
2026-02-26 16:33:17,366 - INFO - [等待] ...% - 随机延迟 5.13 秒...
2026-02-26 16:33:22,523 - INFO - [成功] 5% - 网页保存成功
2026-02-26 16:33:22,524 - INFO - [等待] ...% - 随机延迟 4.94 秒...
2026-02-26 16:33:27,465 - INFO - [开始] 6% - 正在处理第 6/100 行: The Christmas Song (Merry Christmas To You) - Nat "King" Cole
2026-02-26 16:33:27,465 - INFO - [导航] 6% - 正在打开首页...
2026-02-26 16:33:28,299 - INFO - [等待] ...% - 随机延迟 4.49 秒...
2026-02-26 16:33:32,787 - INFO - [搜索] 6% - 正在搜索: Nat "King" Cole The Christmas Song (Merry Christmas To You)
2026-02-26 16:33:33,954 - INFO - [等待] ...% - 随机延迟 5.36 秒...
2026-02-26 16:33:39,474 - INFO - [解析] 6% - 找到链接: https://tabs.ultimate-guitar.com/tab/nat-king-cole/l-o-v-e-chords-832752
2026-02-26 16:33:39,475 - INFO - [抓取] 6% - 进入详情页下载...
2026-02-26 16:33:39,924 - INFO - [等待] ...% - 随机延迟 4.85 秒...
2026-02-26 16:33:44,809 - INFO - [成功] 6% - 网页保存成功
2026-02-26 16:33:44,825 - INFO - [保存] 6% - 数据已同步到磁盘
2026-02-26 16:33:44,825 - INFO - [等待] ...% - 随机延迟 4.18 秒...
2026-02-26 16:33:49,003 - INFO - [开始] 7% - 正在处理第 7/100 行: Underneath The Tree - Kelly Clarkson
2026-02-26 16:33:49,004 - INFO - [导航] 7% - 正在打开首页...
2026-02-26 16:33:49,684 - INFO - [等待] ...% - 随机延迟 3.34 秒...
2026-02-26 16:33:53,028 - INFO - [搜索] 7% - 正在搜索: Kelly Clarkson Underneath The Tree
2026-02-26 16:33:54,042 - INFO - [等待] ...% - 随机延迟 5.47 秒...
2026-02-26 16:33:59,717 - INFO - [解析] 7% - 找到链接: https://tabs.ultimate-guitar.com/tab/kelly-clarkson/underneath-the-tree-chords-1428242
2026-02-26 16:33:59,717 - INFO - [抓取] 7% - 进入详情页下载...
2026-02-26 16:34:00,648 - INFO - [等待] ...% - 随机延迟 5.75 秒...
2026-02-26 16:34:06,449 - INFO - [成功] 7% - 网页保存成功
2026-02-26 16:34:06,450 - INFO - [等待] ...% - 随机延迟 4.98 秒...
2026-02-26 16:34:11,426 - INFO - [开始] 8% - 正在处理第 8/100 行: Let It Snow! Let It Snow! Let It Snow! - Dean Martin
2026-02-26 16:34:11,426 - INFO - [导航] 8% - 正在打开首页...
2026-02-26 16:34:12,221 - INFO - [等待] ...% - 随机延迟 3.69 秒...
2026-02-26 16:34:15,915 - INFO - [搜索] 8% - 正在搜索: Dean Martin Let It Snow! Let It Snow! Let It Snow!
2026-02-26 16:34:16,793 - INFO - [等待] ...% - 随机延迟 4.66 秒...
2026-02-26 16:34:21,584 - INFO - [解析] 8% - 找到链接: https://tabs.ultimate-guitar.com/tab/the-beatles/let-it-be-chords-17427
2026-02-26 16:34:21,584 - INFO - [抓取] 8% - 进入详情页下载...
2026-02-26 16:34:22,233 - INFO - [等待] ...% - 随机延迟 5.71 秒...
2026-02-26 16:34:27,974 - INFO - [成功] 8% - 网页保存成功
2026-02-26 16:34:27,992 - INFO - [保存] 8% - 数据已同步到磁盘
2026-02-26 16:34:27,993 - INFO - [等待] ...% - 随机延迟 3.71 秒...
2026-02-26 16:34:31,704 - INFO - [开始] 9% - 正在处理第 9/100 行: It's The Most Wonderful Time Of The Year - Andy Williams
2026-02-26 16:34:31,704 - INFO - [导航] 9% - 正在打开首页...
2026-02-26 16:34:32,408 - INFO - [等待] ...% - 随机延迟 4.88 秒...
2026-02-26 16:34:37,290 - INFO - [搜索] 9% - 正在搜索: Andy Williams It's The Most Wonderful Time Of The Year
2026-02-26 16:34:38,806 - INFO - [等待] ...% - 随机延迟 5.09 秒...
2026-02-26 16:34:44,038 - INFO - [解析] 9% - 找到链接: https://tabs.ultimate-guitar.com/tab/andy-williams/its-the-most-wonderful-time-of-the-year-chords-1443047
2026-02-26 16:34:44,038 - INFO - [抓取] 9% - 进入详情页下载...
2026-02-26 16:34:44,700 - INFO - [等待] ...% - 随机延迟 4.53 秒...
2026-02-26 16:34:49,263 - INFO - [成功] 9% - 网页保存成功
2026-02-26 16:34:49,263 - INFO - [等待] ...% - 随机延迟 4.71 秒...
2026-02-26 16:34:53,978 - INFO - [开始] 10% - 正在处理第 10/100 行: The Fate Of Ophelia - Taylor Swift
2026-02-26 16:34:53,978 - INFO - [导航] 10% - 正在打开首页...
2026-02-26 16:34:55,654 - INFO - [等待] ...% - 随机延迟 3.18 秒...
2026-02-26 16:34:58,839 - INFO - [搜索] 10% - 正在搜索: Taylor Swift The Fate Of Ophelia
2026-02-26 16:34:59,808 - INFO - [等待] ...% - 随机延迟 5.30 秒...
2026-02-26 16:35:05,245 - INFO - [解析] 10% - 找到链接: https://tabs.ultimate-guitar.com/tab/taylor-swift/the-fate-of-ophelia-chords-6100391
2026-02-26 16:35:05,245 - INFO - [抓取] 10% - 进入详情页下载...
2026-02-26 16:35:06,112 - INFO - [等待] ...% - 随机延迟 4.87 秒...
2026-02-26 16:35:11,017 - INFO - [成功] 10% - 网页保存成功
2026-02-26 16:35:11,034 - INFO - [保存] 10% - 数据已同步到磁盘
2026-02-26 16:35:11,035 - INFO - [等待] ...% - 随机延迟 3.06 秒...
2026-02-26 16:35:14,099 - INFO - [开始] 11% - 正在处理第 11/100 行: Golden - HUNTR/X: EJAE, Audrey Nuna & REI AMI
2026-02-26 16:35:14,099 - INFO - [导航] 11% - 正在打开首页...
2026-02-26 16:35:14,725 - INFO - [等待] ...% - 随机延迟 3.53 秒...
2026-02-26 16:35:18,253 - INFO - [搜索] 11% - 正在搜索: HUNTR/X: EJAE, Audrey Nuna & REI AMI Golden
2026-02-26 16:35:18,877 - INFO - [等待] ...% - 随机延迟 5.15 秒...
2026-02-26 16:35:24,124 - INFO - [解析] 11% - 找到链接: https://tabs.ultimate-guitar.com/tab/misc-cartoons/kpop-demon-hunters-golden-chords-5844500
2026-02-26 16:35:24,124 - INFO - [抓取] 11% - 进入详情页下载...
2026-02-26 16:35:24,590 - INFO - [等待] ...% - 随机延迟 4.49 秒...
2026-02-26 16:35:29,111 - INFO - [成功] 11% - 网页保存成功
2026-02-26 16:35:29,111 - INFO - [等待] ...% - 随机延迟 4.54 秒...
2026-02-26 16:35:33,656 - INFO - [开始] 12% - 正在处理第 12/100 行: Sleigh Ride - The Ronettes
2026-02-26 16:35:33,656 - INFO - [导航] 12% - 正在打开首页...
2026-02-26 16:35:34,565 - INFO - [等待] ...% - 随机延迟 3.63 秒...
2026-02-26 16:35:38,196 - INFO - [搜索] 12% - 正在搜索: The Ronettes Sleigh Ride
2026-02-26 16:35:38,743 - INFO - [等待] ...% - 随机延迟 4.34 秒...
2026-02-26 16:35:43,152 - INFO - [解析] 12% - 找到链接: https://tabs.ultimate-guitar.com/tab/the-ronettes/sleigh-ride-chords-1793152
2026-02-26 16:35:43,152 - INFO - [抓取] 12% - 进入详情页下载...
2026-02-26 16:35:43,688 - INFO - [等待] ...% - 随机延迟 3.75 秒...
2026-02-26 16:35:47,469 - INFO - [成功] 12% - 网页保存成功
2026-02-26 16:35:47,485 - INFO - [保存] 12% - 数据已同步到磁盘
2026-02-26 16:35:47,485 - INFO - [等待] ...% - 随机延迟 4.30 秒...
2026-02-26 16:35:51,787 - INFO - [开始] 13% - 正在处理第 13/100 行: It's Beginning To Look A Lot Like Christmas - Michael Buble
2026-02-26 16:35:51,787 - INFO - [导航] 13% - 正在打开首页...
2026-02-26 16:35:52,462 - INFO - [等待] ...% - 随机延迟 3.69 秒...
2026-02-26 16:35:56,150 - INFO - [搜索] 13% - 正在搜索: Michael Buble It's Beginning To Look A Lot Like Christmas
2026-02-26 16:35:56,935 - INFO - [等待] ...% - 随机延迟 5.42 秒...
2026-02-26 16:36:02,564 - INFO - [解析] 13% - 找到链接: https://tabs.ultimate-guitar.com/tab/1447367
2026-02-26 16:36:02,565 - INFO - [抓取] 13% - 进入详情页下载...
2026-02-26 16:36:08,499 - INFO - [等待] ...% - 随机延迟 4.18 秒...
2026-02-26 16:36:12,715 - INFO - [成功] 13% - 网页保存成功
2026-02-26 16:36:12,715 - INFO - [等待] ...% - 随机延迟 4.93 秒...
2026-02-26 16:36:17,644 - INFO - [开始] 14% - 正在处理第 14/100 行: Feliz Navidad - Jose Feliciano
2026-02-26 16:36:17,645 - INFO - [导航] 14% - 正在打开首页...
2026-02-26 16:36:18,354 - INFO - [等待] ...% - 随机延迟 3.29 秒...
2026-02-26 16:36:21,641 - INFO - [搜索] 14% - 正在搜索: Jose Feliciano Feliz Navidad
2026-02-26 16:36:22,647 - INFO - [等待] ...% - 随机延迟 5.64 秒...
2026-02-26 16:36:28,379 - INFO - [失败] 14% - 未找到搜索结果
2026-02-26 16:36:28,394 - INFO - [保存] 14% - 数据已同步到磁盘
2026-02-26 16:36:28,395 - INFO - [等待] ...% - 随机延迟 3.27 秒...
2026-02-26 16:36:31,667 - INFO - [开始] 15% - 正在处理第 15/100 行: Ordinary - Alex Warren
2026-02-26 16:36:31,668 - INFO - [导航] 15% - 正在打开首页...
2026-02-26 16:36:32,910 - INFO - [等待] ...% - 随机延迟 4.39 秒...
2026-02-26 16:36:37,298 - INFO - [搜索] 15% - 正在搜索: Alex Warren Ordinary
2026-02-26 16:36:38,040 - INFO - [等待] ...% - 随机延迟 4.02 秒...
2026-02-26 16:36:42,144 - INFO - [解析] 15% - 找到链接: https://tabs.ultimate-guitar.com/tab/alex-warren/ordinary-chords-5660523
2026-02-26 16:36:42,144 - INFO - [抓取] 15% - 进入详情页下载...
2026-02-26 16:36:42,548 - INFO - [等待] ...% - 随机延迟 3.94 秒...
2026-02-26 16:36:46,517 - INFO - [成功] 15% - 网页保存成功
2026-02-26 16:36:46,517 - INFO - [等待] ...% - 随机延迟 3.43 秒...
2026-02-26 16:36:49,944 - INFO - [开始] 16% - 正在处理第 16/100 行: A Holly Jolly Christmas - Burl Ives
2026-02-26 16:36:49,944 - INFO - [导航] 16% - 正在打开首页...
2026-02-26 16:36:50,702 - INFO - [等待] ...% - 随机延迟 3.79 秒...
2026-02-26 16:36:54,490 - INFO - [搜索] 16% - 正在搜索: Burl Ives A Holly Jolly Christmas
2026-02-26 16:37:03,171 - INFO - [等待] ...% - 随机延迟 5.20 秒...
2026-02-26 16:37:08,478 - INFO - [解析] 16% - 找到链接: https://tabs.ultimate-guitar.com/tab/misc-christmas/a-holly-jolly-christmas-chords-40241
2026-02-26 16:37:08,478 - INFO - [抓取] 16% - 进入详情页下载...
2026-02-26 16:37:09,794 - INFO - [等待] ...% - 随机延迟 3.67 秒...
2026-02-26 16:37:13,497 - INFO - [成功] 16% - 网页保存成功
2026-02-26 16:37:13,514 - INFO - [保存] 16% - 数据已同步到磁盘
2026-02-26 16:37:13,514 - INFO - [等待] ...% - 随机延迟 3.23 秒...
2026-02-26 16:37:16,745 - INFO - [开始] 17% - 正在处理第 17/100 行: Christmas (Baby Please Come Home) - Darlene Love
2026-02-26 16:37:16,745 - INFO - [导航] 17% - 正在打开首页...
2026-02-26 16:37:17,651 - INFO - [等待] ...% - 随机延迟 4.38 秒...
2026-02-26 16:37:22,034 - INFO - [搜索] 17% - 正在搜索: Darlene Love Christmas (Baby Please Come Home)
2026-02-26 16:37:23,008 - INFO - [等待] ...% - 随机延迟 4.93 秒...
2026-02-26 16:37:28,087 - INFO - [解析] 17% - 找到链接: https://tabs.ultimate-guitar.com/tab/eagles/please-come-home-for-christmas-chords-14300
2026-02-26 16:37:28,087 - INFO - [抓取] 17% - 进入详情页下载...
2026-02-26 16:37:28,614 - INFO - [等待] ...% - 随机延迟 4.85 秒...
2026-02-26 16:37:33,494 - INFO - [成功] 17% - 网页保存成功
2026-02-26 16:37:33,494 - INFO - [等待] ...% - 随机延迟 3.80 秒...
2026-02-26 16:37:37,297 - INFO - [开始] 18% - 正在处理第 18/100 行: Man I Need - Olivia Dean
2026-02-26 16:37:37,297 - INFO - [导航] 18% - 正在打开首页...
2026-02-26 16:37:37,935 - INFO - [等待] ...% - 随机延迟 3.88 秒...
2026-02-26 16:37:41,813 - INFO - [搜索] 18% - 正在搜索: Olivia Dean Man I Need
2026-02-26 16:37:43,368 - INFO - [等待] ...% - 随机延迟 5.40 秒...
2026-02-26 16:37:48,839 - INFO - [解析] 18% - 找到链接: https://tabs.ultimate-guitar.com/tab/olivia-dean/man-i-need-chords-5911562
2026-02-26 16:37:48,839 - INFO - [抓取] 18% - 进入详情页下载...
2026-02-26 16:37:51,654 - INFO - [等待] ...% - 随机延迟 3.31 秒...
2026-02-26 16:37:54,992 - INFO - [成功] 18% - 网页保存成功
2026-02-26 16:37:55,007 - INFO - [保存] 18% - 数据已同步到磁盘
2026-02-26 16:37:55,007 - INFO - [等待] ...% - 随机延迟 4.85 秒...
2026-02-26 16:37:59,857 - INFO - [开始] 19% - 正在处理第 19/100 行: Run Rudolph Run - Chuck Berry
2026-02-26 16:37:59,858 - INFO - [导航] 19% - 正在打开首页...
2026-02-26 16:38:01,498 - INFO - [等待] ...% - 随机延迟 3.73 秒...
2026-02-26 16:38:05,226 - INFO - [搜索] 19% - 正在搜索: Chuck Berry Run Rudolph Run
2026-02-26 16:38:05,859 - INFO - [等待] ...% - 随机延迟 5.71 秒...
2026-02-26 16:38:11,655 - INFO - [解析] 19% - 找到链接: https://tabs.ultimate-guitar.com/tab/chuck-berry/run-rudolph-run-chords-1792996
2026-02-26 16:38:11,655 - INFO - [抓取] 19% - 进入详情页下载...
2026-02-26 16:38:13,062 - INFO - [等待] ...% - 随机延迟 4.49 秒...
2026-02-26 16:38:17,578 - INFO - [成功] 19% - 网页保存成功
2026-02-26 16:38:17,578 - INFO - [等待] ...% - 随机延迟 4.26 秒...
2026-02-26 16:38:21,843 - INFO - [开始] 20% - 正在处理第 20/100 行: White Christmas (1947) - Bing Crosby With Ken Darby Singers & John Scott Trotter & His Orchestra
2026-02-26 16:38:21,843 - INFO - [导航] 20% - 正在打开首页...
2026-02-26 16:38:22,466 - INFO - [等待] ...% - 随机延迟 4.39 秒...
2026-02-26 16:38:26,861 - INFO - [搜索] 20% - 正在搜索: Bing Crosby With Ken Darby Singers & John Scott Trotter & His Orchestra White Christmas (1947)
2026-02-26 16:38:27,647 - INFO - [等待] ...% - 随机延迟 4.78 秒...
2026-02-26 16:38:32,556 - INFO - [解析] 20% - 找到链接: https://tabs.ultimate-guitar.com/tab/bing-crosby/white-christmas-chords-40013
2026-02-26 16:38:32,556 - INFO - [抓取] 20% - 进入详情页下载...
2026-02-26 16:38:33,234 - INFO - [等待] ...% - 随机延迟 4.84 秒...
2026-02-26 16:38:38,102 - INFO - [成功] 20% - 网页保存成功
2026-02-26 16:38:38,118 - INFO - [保存] 20% - 数据已同步到磁盘
2026-02-26 16:38:38,118 - INFO - [等待] ...% - 随机延迟 4.02 秒...
2026-02-26 16:38:42,140 - INFO - [开始] 21% - 正在处理第 21/100 行: Jingle Bells - Frank Sinatra With The Orchestra & Chorus Of Gordon Jenkins
2026-02-26 16:38:42,140 - INFO - [导航] 21% - 正在打开首页...
2026-02-26 16:38:42,852 - INFO - [等待] ...% - 随机延迟 4.08 秒...
2026-02-26 16:38:46,938 - INFO - [搜索] 21% - 正在搜索: Frank Sinatra With The Orchestra & Chorus Of Gordon Jenkins Jingle Bells
2026-02-26 16:38:47,872 - INFO - [等待] ...% - 随机延迟 5.42 秒...
2026-02-26 16:38:53,429 - INFO - [解析] 21% - 找到链接: https://tabs.ultimate-guitar.com/tab/frank-sinatra/fly-me-to-the-moon-chords-327721
2026-02-26 16:38:53,429 - INFO - [抓取] 21% - 进入详情页下载...
2026-02-26 16:38:53,893 - INFO - [等待] ...% - 随机延迟 5.14 秒...
2026-02-26 16:38:59,071 - INFO - [成功] 21% - 网页保存成功
2026-02-26 16:38:59,071 - INFO - [等待] ...% - 随机延迟 4.84 秒...
2026-02-26 16:39:03,915 - INFO - [开始] 22% - 正在处理第 22/100 行: FDO - Pooh Shiesty
2026-02-26 16:39:03,915 - INFO - [导航] 22% - 正在打开首页...
2026-02-26 16:39:04,542 - INFO - [等待] ...% - 随机延迟 4.33 秒...
2026-02-26 16:39:08,876 - INFO - [搜索] 22% - 正在搜索: Pooh Shiesty FDO
2026-02-26 16:39:09,333 - INFO - [等待] ...% - 随机延迟 4.45 秒...
2026-02-26 16:39:13,871 - INFO - [失败] 22% - 未找到搜索结果
2026-02-26 16:39:13,886 - INFO - [保存] 22% - 数据已同步到磁盘
2026-02-26 16:39:13,886 - INFO - [等待] ...% - 随机延迟 3.44 秒...
2026-02-26 16:39:17,329 - INFO - [开始] 23% - 正在处理第 23/100 行: It's Beginning To Look A Lot Like Christmas - Perry Como And The Fontane Sisters With Mitchell Ayres And His Orchestra
2026-02-26 16:39:17,329 - INFO - [导航] 23% - 正在打开首页...
2026-02-26 16:39:19,051 - INFO - [等待] ...% - 随机延迟 4.99 秒...
2026-02-26 16:39:24,047 - INFO - [搜索] 23% - 正在搜索: Perry Como And The Fontane Sisters With Mitchell Ayres And His Orchestra It's Beginning To Look A Lot Like Christmas
2026-02-26 16:39:28,287 - INFO - [等待] ...% - 随机延迟 4.15 秒...
2026-02-26 16:39:32,582 - INFO - [解析] 23% - 找到链接: https://tabs.ultimate-guitar.com/tab/bob-dylan/knockin-on-heavens-door-chords-6101468
2026-02-26 16:39:32,582 - INFO - [抓取] 23% - 进入详情页下载...
2026-02-26 16:39:34,449 - INFO - [等待] ...% - 随机延迟 3.29 秒...
2026-02-26 16:39:37,772 - INFO - [成功] 23% - 网页保存成功
2026-02-26 16:39:37,772 - INFO - [等待] ...% - 随机延迟 4.36 秒...
2026-02-26 16:39:42,137 - INFO - [开始] 24% - 正在处理第 24/100 行: Santa Baby - Eartha Kitt With Henri Rene And His Orchestra
2026-02-26 16:39:42,137 - INFO - [导航] 24% - 正在打开首页...
2026-02-26 16:39:42,797 - INFO - [等待] ...% - 随机延迟 4.66 秒...
2026-02-26 16:39:47,457 - INFO - [搜索] 24% - 正在搜索: Eartha Kitt With Henri Rene And His Orchestra Santa Baby
2026-02-26 16:39:48,377 - INFO - [等待] ...% - 随机延迟 5.89 秒...
2026-02-26 16:39:54,408 - INFO - [解析] 24% - 找到链接: https://tabs.ultimate-guitar.com/tab/harry-james-and-his-orchestra/its-been-a-long-long-time-chords-2677860
2026-02-26 16:39:54,408 - INFO - [抓取] 24% - 进入详情页下载...
2026-02-26 16:39:54,850 - INFO - [等待] ...% - 随机延迟 4.92 秒...
2026-02-26 16:39:59,800 - INFO - [成功] 24% - 网页保存成功
2026-02-26 16:39:59,826 - INFO - [保存] 24% - 数据已同步到磁盘
2026-02-26 16:39:59,826 - INFO - [等待] ...% - 随机延迟 3.85 秒...
2026-02-26 16:40:03,678 - INFO - [开始] 25% - 正在处理第 25/100 行: Deck The Halls - Nat King Cole
2026-02-26 16:40:03,678 - INFO - [导航] 25% - 正在打开首页...
2026-02-26 16:40:07,007 - INFO - [等待] ...% - 随机延迟 4.19 秒...
2026-02-26 16:40:11,201 - INFO - [搜索] 25% - 正在搜索: Nat King Cole Deck The Halls
2026-02-26 16:40:12,137 - INFO - [等待] ...% - 随机延迟 5.84 秒...
2026-02-26 16:40:18,124 - INFO - [解析] 25% - 找到链接: https://tabs.ultimate-guitar.com/tab/nat-king-cole/deck-the-halls-chords-5561850
2026-02-26 16:40:18,125 - INFO - [抓取] 25% - 进入详情页下载...
2026-02-26 16:40:18,797 - INFO - [等待] ...% - 随机延迟 4.74 秒...
2026-02-26 16:40:23,570 - INFO - [成功] 25% - 网页保存成功
2026-02-26 16:40:23,570 - INFO - [等待] ...% - 随机延迟 4.56 秒...
2026-02-26 16:40:28,126 - INFO - [开始] 26% - 正在处理第 26/100 行: Choosin' Texas - Ella Langley
2026-02-26 16:40:28,127 - INFO - [导航] 26% - 正在打开首页...
2026-02-26 16:40:29,317 - INFO - [等待] ...% - 随机延迟 4.33 秒...
2026-02-26 16:40:33,652 - INFO - [搜索] 26% - 正在搜索: Ella Langley Choosin' Texas
2026-02-26 16:40:34,298 - INFO - [等待] ...% - 随机延迟 4.88 秒...
2026-02-26 16:40:39,255 - INFO - [解析] 26% - 找到链接: https://tabs.ultimate-guitar.com/tab/ella-langley/choosin-texas-chords-5991200
2026-02-26 16:40:39,256 - INFO - [抓取] 26% - 进入详情页下载...
2026-02-26 16:40:39,689 - INFO - [等待] ...% - 随机延迟 3.97 秒...
2026-02-26 16:40:43,684 - INFO - [成功] 26% - 网页保存成功
2026-02-26 16:40:43,698 - INFO - [保存] 26% - 数据已同步到磁盘
2026-02-26 16:40:43,699 - INFO - [等待] ...% - 随机延迟 4.53 秒...
2026-02-26 16:40:48,225 - INFO - [开始] 27% - 正在处理第 27/100 行: Blue Christmas - Elvis Presley
2026-02-26 16:40:48,225 - INFO - [导航] 27% - 正在打开首页...
2026-02-26 16:40:48,836 - INFO - [等待] ...% - 随机延迟 4.06 秒...
2026-02-26 16:40:52,894 - INFO - [搜索] 27% - 正在搜索: Elvis Presley Blue Christmas
2026-02-26 16:40:53,499 - INFO - [等待] ...% - 随机延迟 5.74 秒...
2026-02-26 16:40:59,395 - INFO - [解析] 27% - 找到链接: https://tabs.ultimate-guitar.com/tab/elvis-presley/blue-christmas-chords-79728
2026-02-26 16:40:59,396 - INFO - [抓取] 27% - 进入详情页下载...
2026-02-26 16:41:00,060 - INFO - [等待] ...% - 随机延迟 4.41 秒...
2026-02-26 16:41:04,500 - INFO - [成功] 27% - 网页保存成功
2026-02-26 16:41:04,500 - INFO - [等待] ...% - 随机延迟 3.72 秒...
2026-02-26 16:41:08,218 - INFO - [开始] 28% - 正在处理第 28/100 行: Here Comes Santa Claus (Right Down Santa Claus Lane) - Gene Autry
2026-02-26 16:41:08,218 - INFO - [导航] 28% - 正在打开首页...
2026-02-26 16:41:08,919 - INFO - [等待] ...% - 随机延迟 3.22 秒...
2026-02-26 16:41:12,143 - INFO - [搜索] 28% - 正在搜索: Gene Autry Here Comes Santa Claus (Right Down Santa Claus Lane)
2026-02-26 16:41:12,965 - INFO - [等待] ...% - 随机延迟 5.34 秒...
2026-02-26 16:41:18,442 - INFO - [解析] 28% - 找到链接: https://tabs.ultimate-guitar.com/tab/gene-autry/here-comes-santa-claus-chords-991381
2026-02-26 16:41:18,442 - INFO - [抓取] 28% - 进入详情页下载...
2026-02-26 16:41:19,164 - INFO - [等待] ...% - 随机延迟 4.13 秒...
2026-02-26 16:41:23,328 - INFO - [成功] 28% - 网页保存成功
2026-02-26 16:41:23,344 - INFO - [保存] 28% - 数据已同步到磁盘
2026-02-26 16:41:23,345 - INFO - [等待] ...% - 随机延迟 4.77 秒...
2026-02-26 16:41:28,114 - INFO - [开始] 28% - 正在处理第 29/100 行: Like It's Christmas - Jonas Brothers
2026-02-26 16:41:28,115 - INFO - [导航] 28% - 正在打开首页...
2026-02-26 16:41:28,755 - INFO - [等待] ...% - 随机延迟 4.16 秒...
2026-02-26 16:41:32,915 - INFO - [搜索] 28% - 正在搜索: Jonas Brothers Like It's Christmas
2026-02-26 16:41:33,934 - INFO - [等待] ...% - 随机延迟 5.21 秒...
2026-02-26 16:41:39,213 - INFO - [解析] 28% - 找到链接: https://tabs.ultimate-guitar.com/tab/jonas-brothers/like-its-christmas-chords-2888675
2026-02-26 16:41:39,213 - INFO - [抓取] 28% - 进入详情页下载...
2026-02-26 16:41:39,959 - INFO - [等待] ...% - 随机延迟 4.95 秒...
2026-02-26 16:41:44,941 - INFO - [成功] 28% - 网页保存成功
2026-02-26 16:41:44,942 - INFO - [等待] ...% - 随机延迟 4.26 秒...
2026-02-26 16:41:49,203 - INFO - [开始] 30% - 正在处理第 30/100 行: Back To Friends - sombr
2026-02-26 16:41:49,204 - INFO - [导航] 30% - 正在打开首页...
2026-02-26 16:41:49,860 - INFO - [等待] ...% - 随机延迟 4.07 秒...
2026-02-26 16:41:53,928 - INFO - [搜索] 30% - 正在搜索: sombr Back To Friends
2026-02-26 16:41:54,576 - INFO - [等待] ...% - 随机延迟 5.05 秒...
2026-02-26 16:41:59,768 - INFO - [解析] 30% - 找到链接: https://tabs.ultimate-guitar.com/tab/sombr/back-to-friends-chords-5633187
2026-02-26 16:41:59,768 - INFO - [抓取] 30% - 进入详情页下载...
2026-02-26 16:42:00,241 - INFO - [等待] ...% - 随机延迟 4.93 秒...
2026-02-26 16:42:05,195 - INFO - [成功] 30% - 网页保存成功
2026-02-26 16:42:05,211 - INFO - [保存] 30% - 数据已同步到磁盘
2026-02-26 16:42:05,211 - INFO - [等待] ...% - 随机延迟 4.43 秒...
2026-02-26 16:42:09,644 - INFO - [开始] 31% - 正在处理第 31/100 行: Mutt - Leon Thomas
2026-02-26 16:42:09,644 - INFO - [导航] 31% - 正在打开首页...
2026-02-26 16:42:10,285 - INFO - [等待] ...% - 随机延迟 3.57 秒...
2026-02-26 16:42:13,859 - INFO - [搜索] 31% - 正在搜索: Leon Thomas Mutt
2026-02-26 16:42:14,458 - INFO - [等待] ...% - 随机延迟 5.55 秒...
2026-02-26 16:42:20,072 - INFO - [解析] 31% - 找到链接: https://tabs.ultimate-guitar.com/tab/leon-thomas/mutt-chords-5655483
2026-02-26 16:42:20,072 - INFO - [抓取] 31% - 进入详情页下载...
2026-02-26 16:42:22,633 - INFO - [等待] ...% - 随机延迟 3.58 秒...
2026-02-26 16:42:26,244 - INFO - [成功] 31% - 网页保存成功
2026-02-26 16:42:26,244 - INFO - [等待] ...% - 随机延迟 4.44 秒...
2026-02-26 16:42:30,681 - INFO - [开始] 32% - 正在处理第 32/100 行: Wonderful Christmastime - Paul McCartney
2026-02-26 16:42:30,681 - INFO - [导航] 32% - 正在打开首页...
2026-02-26 16:42:32,453 - INFO - [等待] ...% - 随机延迟 4.53 秒...
2026-02-26 16:42:36,987 - INFO - [搜索] 32% - 正在搜索: Paul McCartney Wonderful Christmastime
2026-02-26 16:42:38,984 - INFO - [等待] ...% - 随机延迟 5.38 秒...
2026-02-26 16:42:44,458 - INFO - [解析] 32% - 找到链接: https://tabs.ultimate-guitar.com/tab/paul-mccartney/wonderful-christmastime-chords-750118
2026-02-26 16:42:44,459 - INFO - [抓取] 32% - 进入详情页下载...
2026-02-26 16:42:46,152 - INFO - [等待] ...% - 随机延迟 5.41 秒...
2026-02-26 16:42:51,594 - INFO - [成功] 32% - 网页保存成功
2026-02-26 16:42:51,608 - INFO - [保存] 32% - 数据已同步到磁盘
2026-02-26 16:42:51,609 - INFO - [等待] ...% - 随机延迟 4.60 秒...
2026-02-26 16:42:56,212 - INFO - [开始] 33% - 正在处理第 33/100 行: Please Come Home For Christmas - Eagles
2026-02-26 16:42:56,212 - INFO - [导航] 33% - 正在打开首页...
2026-02-26 16:42:56,898 - INFO - [等待] ...% - 随机延迟 4.03 秒...
2026-02-26 16:43:00,933 - INFO - [搜索] 33% - 正在搜索: Eagles Please Come Home For Christmas
2026-02-26 16:43:01,923 - INFO - [等待] ...% - 随机延迟 5.33 秒...
2026-02-26 16:43:07,404 - INFO - [解析] 33% - 找到链接: https://tabs.ultimate-guitar.com/tab/eagles/please-come-home-for-christmas-chords-14300
2026-02-26 16:43:07,404 - INFO - [抓取] 33% - 进入详情页下载...
2026-02-26 16:43:08,038 - INFO - [等待] ...% - 随机延迟 4.40 秒...
2026-02-26 16:43:12,470 - INFO - [成功] 33% - 网页保存成功
2026-02-26 16:43:12,470 - INFO - [等待] ...% - 随机延迟 3.93 秒...
2026-02-26 16:43:16,396 - INFO - [开始] 34% - 正在处理第 34/100 行: Folded - Kehlani
2026-02-26 16:43:16,397 - INFO - [导航] 34% - 正在打开首页...
2026-02-26 16:43:17,097 - INFO - [等待] ...% - 随机延迟 4.63 秒...
2026-02-26 16:43:21,731 - INFO - [搜索] 34% - 正在搜索: Kehlani Folded
2026-02-26 16:43:22,278 - INFO - [等待] ...% - 随机延迟 4.39 秒...
2026-02-26 16:43:26,741 - INFO - [解析] 34% - 找到链接: https://tabs.ultimate-guitar.com/tab/kehlani/folded-chords-5839361
2026-02-26 16:43:26,742 - INFO - [抓取] 34% - 进入详情页下载...
2026-02-26 16:43:27,150 - INFO - [等待] ...% - 随机延迟 3.48 秒...
2026-02-26 16:43:30,665 - INFO - [成功] 34% - 网页保存成功
2026-02-26 16:43:30,682 - INFO - [保存] 34% - 数据已同步到磁盘
2026-02-26 16:43:30,682 - INFO - [等待] ...% - 随机延迟 4.84 秒...
2026-02-26 16:43:35,522 - INFO - [开始] 35% - 正在处理第 35/100 行: Rudolph The Red-Nosed Reindeer - Gene Autry & The Pinafores
2026-02-26 16:43:35,522 - INFO - [导航] 35% - 正在打开首页...
2026-02-26 16:43:36,180 - INFO - [等待] ...% - 随机延迟 4.50 秒...
2026-02-26 16:43:40,677 - INFO - [搜索] 35% - 正在搜索: Gene Autry & The Pinafores Rudolph The Red-Nosed Reindeer
2026-02-26 16:43:41,523 - INFO - [等待] ...% - 随机延迟 5.28 秒...
2026-02-26 16:43:46,933 - INFO - [解析] 35% - 找到链接: https://tabs.ultimate-guitar.com/tab/red-hot-chili-peppers/under-the-bridge-chords-44981
2026-02-26 16:43:46,933 - INFO - [抓取] 35% - 进入详情页下载...
2026-02-26 16:43:47,481 - INFO - [等待] ...% - 随机延迟 3.65 秒...
2026-02-26 16:43:51,163 - INFO - [成功] 35% - 网页保存成功
2026-02-26 16:43:51,164 - INFO - [等待] ...% - 随机延迟 3.80 秒...
2026-02-26 16:43:54,961 - INFO - [开始] 36% - 正在处理第 36/100 行: Christmastime Is Here - Vince Guaraldi Trio
2026-02-26 16:43:54,962 - INFO - [导航] 36% - 正在打开首页...
2026-02-26 16:43:55,641 - INFO - [等待] ...% - 随机延迟 4.69 秒...
2026-02-26 16:44:00,330 - INFO - [搜索] 36% - 正在搜索: Vince Guaraldi Trio Christmastime Is Here
2026-02-26 16:44:01,028 - INFO - [等待] ...% - 随机延迟 5.48 秒...
2026-02-26 16:44:06,607 - INFO - [解析] 36% - 找到链接: https://tabs.ultimate-guitar.com/tab/vince-guaraldi/christmas-time-is-here-chords-765320
2026-02-26 16:44:06,607 - INFO - [抓取] 36% - 进入详情页下载...
2026-02-26 16:44:07,254 - INFO - [等待] ...% - 随机延迟 3.09 秒...
2026-02-26 16:44:10,381 - INFO - [成功] 36% - 网页保存成功
2026-02-26 16:44:10,396 - INFO - [保存] 36% - 数据已同步到磁盘
2026-02-26 16:44:10,396 - INFO - [等待] ...% - 随机延迟 4.55 秒...
2026-02-26 16:44:14,947 - INFO - [开始] 37% - 正在处理第 37/100 行: Opalite - Taylor Swift
2026-02-26 16:44:14,947 - INFO - [导航] 37% - 正在打开首页...
2026-02-26 16:44:15,982 - INFO - [等待] ...% - 随机延迟 4.83 秒...
2026-02-26 16:44:20,815 - INFO - [搜索] 37% - 正在搜索: Taylor Swift Opalite
2026-02-26 16:44:21,522 - INFO - [等待] ...% - 随机延迟 4.84 秒...
2026-02-26 16:44:26,431 - INFO - [解析] 37% - 找到链接: https://tabs.ultimate-guitar.com/tab/taylor-swift/opalite-chords-5972879
2026-02-26 16:44:26,432 - INFO - [抓取] 37% - 进入详情页下载...
2026-02-26 16:44:26,841 - INFO - [等待] ...% - 随机延迟 4.34 秒...
2026-02-26 16:44:31,213 - INFO - [成功] 37% - 网页保存成功
2026-02-26 16:44:31,213 - INFO - [等待] ...% - 随机延迟 3.35 秒...
2026-02-26 16:44:34,562 - INFO - [开始] 38% - 正在处理第 38/100 行: Santa, Can't You Hear Me - Kelly Clarkson & Ariana Grande
2026-02-26 16:44:34,563 - INFO - [导航] 38% - 正在打开首页...
2026-02-26 16:44:35,269 - INFO - [等待] ...% - 随机延迟 4.18 秒...
2026-02-26 16:44:39,449 - INFO - [搜索] 38% - 正在搜索: Kelly Clarkson & Ariana Grande Santa, Can't You Hear Me
2026-02-26 16:44:41,170 - INFO - [等待] ...% - 随机延迟 4.92 秒...
2026-02-26 16:44:46,220 - INFO - [解析] 38% - 找到链接: https://tabs.ultimate-guitar.com/tab/kelly-clarkson/because-of-you-chords-157639
2026-02-26 16:44:46,220 - INFO - [抓取] 38% - 进入详情页下载...
2026-02-26 16:44:57,194 - INFO - [等待] ...% - 随机延迟 5.01 秒...
2026-02-26 16:45:02,241 - INFO - [成功] 38% - 网页保存成功
2026-02-26 16:45:02,263 - INFO - [保存] 38% - 数据已同步到磁盘
2026-02-26 16:45:02,263 - INFO - [等待] ...% - 随机延迟 4.96 秒...
2026-02-26 16:45:07,222 - INFO - [开始] 39% - 正在处理第 39/100 行: You're A Mean One, Mr. Grinch - Thurl Ravenscroft
2026-02-26 16:45:07,222 - INFO - [导航] 39% - 正在打开首页...
2026-02-26 16:45:08,082 - INFO - [等待] ...% - 随机延迟 3.75 秒...
2026-02-26 16:45:11,829 - INFO - [搜索] 39% - 正在搜索: Thurl Ravenscroft You're A Mean One, Mr. Grinch
2026-02-26 16:45:12,636 - INFO - [等待] ...% - 随机延迟 5.40 秒...
2026-02-26 16:45:18,160 - INFO - [解析] 39% - 找到链接: https://tabs.ultimate-guitar.com/tab/misc-cartoons/how-the-grinch-stole-christmas-youre-a-mean-one-mr-grinch-chords-1800389
2026-02-26 16:45:18,160 - INFO - [抓取] 39% - 进入详情页下载...
2026-02-26 16:45:18,985 - INFO - [等待] ...% - 随机延迟 5.74 秒...
2026-02-26 16:45:24,758 - INFO - [成功] 39% - 网页保存成功
2026-02-26 16:45:24,758 - INFO - [等待] ...% - 随机延迟 3.03 秒...
2026-02-26 16:45:27,788 - INFO - [开始] 40% - 正在处理第 40/100 行: Holly Jolly Christmas - Michael Buble
2026-02-26 16:45:27,788 - INFO - [导航] 40% - 正在打开首页...
2026-02-26 16:45:28,672 - INFO - [等待] ...% - 随机延迟 3.74 秒...
2026-02-26 16:45:32,416 - INFO - [搜索] 40% - 正在搜索: Michael Buble Holly Jolly Christmas
2026-02-26 16:45:33,144 - INFO - [等待] ...% - 随机延迟 5.82 秒...
2026-02-26 16:45:39,031 - INFO - [解析] 40% - 找到链接: https://tabs.ultimate-guitar.com/tab/2527068
2026-02-26 16:45:39,032 - INFO - [抓取] 40% - 进入详情页下载...
2026-02-26 16:45:40,170 - INFO - [等待] ...% - 随机延迟 3.54 秒...
2026-02-26 16:45:43,740 - INFO - [成功] 40% - 网页保存成功
2026-02-26 16:45:43,756 - INFO - [保存] 40% - 数据已同步到磁盘
2026-02-26 16:45:43,756 - INFO - [等待] ...% - 随机延迟 4.52 秒...
2026-02-26 16:45:48,273 - INFO - [开始] 41% - 正在处理第 41/100 行: Little Saint Nick - The Beach Boys
2026-02-26 16:45:48,273 - INFO - [导航] 41% - 正在打开首页...
2026-02-26 16:45:49,035 - INFO - [等待] ...% - 随机延迟 3.79 秒...
2026-02-26 16:45:52,822 - INFO - [搜索] 41% - 正在搜索: The Beach Boys Little Saint Nick
2026-02-26 16:45:53,851 - INFO - [等待] ...% - 随机延迟 4.25 秒...
2026-02-26 16:45:58,232 - INFO - [解析] 41% - 找到链接: https://tabs.ultimate-guitar.com/tab/the-beach-boys/little-saint-nick-chords-767170
2026-02-26 16:45:58,232 - INFO - [抓取] 41% - 进入详情页下载...
2026-02-26 16:45:58,736 - INFO - [等待] ...% - 随机延迟 5.55 秒...
2026-02-26 16:46:04,313 - INFO - [成功] 41% - 网页保存成功
2026-02-26 16:46:04,313 - INFO - [等待] ...% - 随机延迟 3.71 秒...
2026-02-26 16:46:08,022 - INFO - [开始] 42% - 正在处理第 42/100 行: Merry Christmas - Ed Sheeran & Elton John
2026-02-26 16:46:08,022 - INFO - [导航] 42% - 正在打开首页...
2026-02-26 16:46:16,881 - INFO - [等待] ...% - 随机延迟 4.78 秒...
2026-02-26 16:46:21,668 - INFO - [搜索] 42% - 正在搜索: Ed Sheeran & Elton John Merry Christmas
2026-02-26 16:46:22,491 - INFO - [等待] ...% - 随机延迟 4.55 秒...
2026-02-26 16:46:27,165 - INFO - [解析] 42% - 找到链接: https://tabs.ultimate-guitar.com/tab/ed-sheeran/merry-christmas-chords-3972877
2026-02-26 16:46:27,166 - INFO - [抓取] 42% - 进入详情页下载...
2026-02-26 16:46:28,180 - INFO - [等待] ...% - 随机延迟 4.93 秒...
2026-02-26 16:46:33,144 - INFO - [成功] 42% - 网页保存成功
2026-02-26 16:46:33,160 - INFO - [保存] 42% - 数据已同步到磁盘
2026-02-26 16:46:33,160 - INFO - [等待] ...% - 随机延迟 4.24 秒...
2026-02-26 16:46:37,396 - INFO - [开始] 43% - 正在处理第 43/100 行: Mistletoe - Justin Bieber
2026-02-26 16:46:37,396 - INFO - [导航] 43% - 正在打开首页...
2026-02-26 16:46:38,153 - INFO - [等待] ...% - 随机延迟 4.98 秒...
2026-02-26 16:46:43,132 - INFO - [搜索] 43% - 正在搜索: Justin Bieber Mistletoe
2026-02-26 16:46:43,803 - INFO - [等待] ...% - 随机延迟 5.47 秒...
2026-02-26 16:46:49,357 - INFO - [解析] 43% - 找到链接: https://tabs.ultimate-guitar.com/tab/justin-bieber/mistletoe-chords-1100709
2026-02-26 16:46:49,357 - INFO - [抓取] 43% - 进入详情页下载...
2026-02-26 16:46:50,925 - INFO - [等待] ...% - 随机延迟 4.46 秒...
2026-02-26 16:46:55,412 - INFO - [成功] 43% - 网页保存成功
2026-02-26 16:46:55,413 - INFO - [等待] ...% - 随机延迟 4.08 秒...
2026-02-26 16:46:59,498 - INFO - [开始] 44% - 正在处理第 44/100 行: Daisies - Justin Bieber
2026-02-26 16:46:59,498 - INFO - [导航] 44% - 正在打开首页...
2026-02-26 16:47:05,196 - INFO - [等待] ...% - 随机延迟 3.38 秒...
2026-02-26 16:47:08,574 - INFO - [搜索] 44% - 正在搜索: Justin Bieber Daisies
2026-02-26 16:47:09,237 - INFO - [等待] ...% - 随机延迟 4.47 秒...
2026-02-26 16:47:13,783 - INFO - [解析] 44% - 找到链接: https://tabs.ultimate-guitar.com/tab/justin-bieber/daisies-chords-5869745
2026-02-26 16:47:13,783 - INFO - [抓取] 44% - 进入详情页下载...
2026-02-26 16:47:15,380 - INFO - [等待] ...% - 随机延迟 4.32 秒...
2026-02-26 16:47:19,727 - INFO - [成功] 44% - 网页保存成功
2026-02-26 16:47:19,746 - INFO - [保存] 44% - 数据已同步到磁盘
2026-02-26 16:47:19,746 - INFO - [等待] ...% - 随机延迟 3.60 秒...
2026-02-26 16:47:23,344 - INFO - [开始] 45% - 正在处理第 45/100 行: Baby It's Cold Outside - Dean Martin
2026-02-26 16:47:23,345 - INFO - [导航] 45% - 正在打开首页...
2026-02-26 16:47:24,131 - INFO - [等待] ...% - 随机延迟 4.19 秒...
2026-02-26 16:47:28,319 - INFO - [搜索] 45% - 正在搜索: Dean Martin Baby It's Cold Outside
2026-02-26 16:47:29,633 - INFO - [等待] ...% - 随机延迟 4.08 秒...
2026-02-26 16:47:33,864 - INFO - [解析] 45% - 找到链接: https://tabs.ultimate-guitar.com/tab/dean-martin/baby-its-cold-outside-chords-1449864
2026-02-26 16:47:33,864 - INFO - [抓取] 45% - 进入详情页下载...
2026-02-26 16:47:34,323 - INFO - [等待] ...% - 随机延迟 4.19 秒...
2026-02-26 16:47:38,544 - INFO - [成功] 45% - 网页保存成功
2026-02-26 16:47:38,544 - INFO - [等待] ...% - 随机延迟 4.10 秒...
2026-02-26 16:47:42,645 - INFO - [开始] 46% - 正在处理第 46/100 行: (There's No Place Like) Home For The Holidays (1959) - Perry Como With Mitchell Ayers And His Orchestra
2026-02-26 16:47:42,645 - INFO - [导航] 46% - 正在打开首页...
2026-02-26 16:47:43,425 - INFO - [等待] ...% - 随机延迟 4.67 秒...
2026-02-26 16:47:48,092 - INFO - [搜索] 46% - 正在搜索: Perry Como With Mitchell Ayers And His Orchestra (There's No Place Like) Home For The Holidays (1959)
2026-02-26 16:47:48,308 - INFO - [等待] ...% - 随机延迟 4.40 秒...
2026-02-26 16:47:52,709 - INFO - [反爬虫] 50% - 检测到Cloudflare验证，尝试等待...
2026-02-26 16:48:02,717 - INFO - [失败] 46% - 未找到搜索结果
2026-02-26 16:48:02,735 - INFO - [保存] 46% - 数据已同步到磁盘
2026-02-26 16:48:02,736 - INFO - [等待] ...% - 随机延迟 4.06 秒...
2026-02-26 16:48:06,799 - INFO - [开始] 47% - 正在处理第 47/100 行: This Christmas - Donny Hathaway
2026-02-26 16:48:06,800 - INFO - [导航] 47% - 正在打开首页...
2026-02-26 16:48:08,654 - INFO - [等待] ...% - 随机延迟 4.93 秒...
2026-02-26 16:48:13,588 - INFO - [搜索] 47% - 正在搜索: Donny Hathaway This Christmas
2026-02-26 16:48:14,649 - INFO - [等待] ...% - 随机延迟 5.29 秒...
2026-02-26 16:48:20,006 - INFO - [解析] 47% - 找到链接: https://tabs.ultimate-guitar.com/tab/donny-hathaway/this-christmas-chords-1909409
2026-02-26 16:48:20,006 - INFO - [抓取] 47% - 进入详情页下载...
2026-02-26 16:48:20,955 - INFO - [等待] ...% - 随机延迟 3.47 秒...
2026-02-26 16:48:24,458 - INFO - [成功] 47% - 网页保存成功
2026-02-26 16:48:24,458 - INFO - [等待] ...% - 随机延迟 3.38 秒...
2026-02-26 16:48:27,838 - INFO - [开始] 48% - 正在处理第 48/100 行: Santa Claus Is Comin' To Town - Jackson 5
2026-02-26 16:48:27,838 - INFO - [导航] 48% - 正在打开首页...
2026-02-26 16:48:28,866 - INFO - [等待] ...% - 随机延迟 4.86 秒...
2026-02-26 16:48:33,728 - INFO - [搜索] 48% - 正在搜索: Jackson 5 Santa Claus Is Comin' To Town
2026-02-26 16:48:34,548 - INFO - [等待] ...% - 随机延迟 5.88 秒...
2026-02-26 16:48:40,591 - INFO - [解析] 48% - 找到链接: https://tabs.ultimate-guitar.com/tab/misc-christmas/santa-claus-is-coming-to-town-chords-448824
2026-02-26 16:48:40,591 - INFO - [抓取] 48% - 进入详情页下载...
2026-02-26 16:48:41,045 - INFO - [等待] ...% - 随机延迟 5.42 秒...
2026-02-26 16:48:46,500 - INFO - [成功] 48% - 网页保存成功
2026-02-26 16:48:46,515 - INFO - [保存] 48% - 数据已同步到磁盘
2026-02-26 16:48:46,515 - INFO - [等待] ...% - 随机延迟 3.70 秒...
2026-02-26 16:48:50,221 - INFO - [开始] 49% - 正在处理第 49/100 行: Happy Holiday / The Holiday Season - Andy Williams
2026-02-26 16:48:50,221 - INFO - [导航] 49% - 正在打开首页...
2026-02-26 16:48:51,342 - INFO - [等待] ...% - 随机延迟 3.18 秒...
2026-02-26 16:48:54,526 - INFO - [搜索] 49% - 正在搜索: Andy Williams Happy Holiday / The Holiday Season
2026-02-26 16:48:55,337 - INFO - [等待] ...% - 随机延迟 5.08 秒...
2026-02-26 16:49:00,567 - INFO - [解析] 49% - 找到链接: https://tabs.ultimate-guitar.com/tab/andy-williams/the-impossible-dream-chords-1757551
2026-02-26 16:49:00,567 - INFO - [抓取] 49% - 进入详情页下载...
2026-02-26 16:49:01,528 - INFO - [等待] ...% - 随机延迟 3.84 秒...
2026-02-26 16:49:05,396 - INFO - [成功] 49% - 网页保存成功
2026-02-26 16:49:05,397 - INFO - [等待] ...% - 随机延迟 3.82 秒...
2026-02-26 16:49:09,221 - INFO - [开始] 50% - 正在处理第 50/100 行: Winter Wonderland - Darlene Love
2026-02-26 16:49:09,221 - INFO - [导航] 50% - 正在打开首页...
2026-02-26 16:49:10,095 - INFO - [等待] ...% - 随机延迟 4.64 秒...
2026-02-26 16:49:14,741 - INFO - [搜索] 50% - 正在搜索: Darlene Love Winter Wonderland
2026-02-26 16:49:15,345 - INFO - [等待] ...% - 随机延迟 5.37 秒...
2026-02-26 16:49:20,776 - INFO - [解析] 50% - 找到链接: https://tabs.ultimate-guitar.com/tab/darlene-love/winter-wonderland-chords-3465236
2026-02-26 16:49:20,776 - INFO - [抓取] 50% - 进入详情页下载...
2026-02-26 16:49:22,011 - INFO - [等待] ...% - 随机延迟 3.88 秒...
2026-02-26 16:49:25,920 - INFO - [成功] 50% - 网页保存成功
2026-02-26 16:49:25,935 - INFO - [保存] 50% - 数据已同步到磁盘
2026-02-26 16:49:25,936 - INFO - [等待] ...% - 随机延迟 3.59 秒...
2026-02-26 16:49:29,526 - INFO - [开始] 51% - 正在处理第 51/100 行: Mr Recoup - 21 Savage & Drake
2026-02-26 16:49:29,526 - INFO - [导航] 51% - 正在打开首页...
2026-02-26 16:49:30,270 - INFO - [等待] ...% - 随机延迟 3.47 秒...
2026-02-26 16:49:33,741 - INFO - [搜索] 51% - 正在搜索: 21 Savage & Drake Mr Recoup
2026-02-26 16:49:34,297 - INFO - [等待] ...% - 随机延迟 4.59 秒...
2026-02-26 16:49:38,941 - INFO - [解析] 51% - 找到链接: https://tabs.ultimate-guitar.com/tab/drake/its-up-chords-5396082
2026-02-26 16:49:38,942 - INFO - [抓取] 51% - 进入详情页下载...
2026-02-26 16:49:39,402 - INFO - [等待] ...% - 随机延迟 5.51 秒...
2026-02-26 16:49:44,943 - INFO - [成功] 51% - 网页保存成功
2026-02-26 16:49:44,943 - INFO - [等待] ...% - 随机延迟 4.84 秒...
2026-02-26 16:49:49,787 - INFO - [开始] 52% - 正在处理第 52/100 行: It Depends - Chris Brown Featuring Bryson Tiller
2026-02-26 16:49:49,787 - INFO - [导航] 52% - 正在打开首页...
2026-02-26 16:49:50,476 - INFO - [等待] ...% - 随机延迟 4.07 秒...
2026-02-26 16:49:54,552 - INFO - [搜索] 52% - 正在搜索: Chris Brown Featuring Bryson Tiller It Depends
2026-02-26 16:49:55,169 - INFO - [等待] ...% - 随机延迟 4.21 秒...
2026-02-26 16:49:59,461 - INFO - [失败] 52% - 未找到搜索结果
2026-02-26 16:49:59,478 - INFO - [保存] 52% - 数据已同步到磁盘
2026-02-26 16:49:59,478 - INFO - [等待] ...% - 随机延迟 4.35 秒...
2026-02-26 16:50:03,828 - INFO - [开始] 53% - 正在处理第 53/100 行: Where Is My Husband! - RAYE
2026-02-26 16:50:03,828 - INFO - [导航] 53% - 正在打开首页...
2026-02-26 16:50:04,519 - INFO - [等待] ...% - 随机延迟 4.80 秒...
2026-02-26 16:50:09,317 - INFO - [搜索] 53% - 正在搜索: RAYE Where Is My Husband!
2026-02-26 16:50:10,029 - INFO - [等待] ...% - 随机延迟 4.37 秒...
2026-02-26 16:50:14,472 - INFO - [解析] 53% - 找到链接: https://tabs.ultimate-guitar.com/tab/raye/where-is-my-husband-chords-5929769
2026-02-26 16:50:14,472 - INFO - [抓取] 53% - 进入详情页下载...
2026-02-26 16:50:15,050 - INFO - [等待] ...% - 随机延迟 4.98 秒...
2026-02-26 16:50:20,063 - INFO - [成功] 53% - 网页保存成功
2026-02-26 16:50:20,064 - INFO - [等待] ...% - 随机延迟 3.95 秒...
2026-02-26 16:50:24,014 - INFO - [开始] 54% - 正在处理第 54/100 行: So Easy (To Fall In Love) - Olivia Dean
2026-02-26 16:50:24,015 - INFO - [导航] 54% - 正在打开首页...
2026-02-26 16:50:24,876 - INFO - [等待] ...% - 随机延迟 3.15 秒...
2026-02-26 16:50:28,025 - INFO - [搜索] 54% - 正在搜索: Olivia Dean So Easy (To Fall In Love)
2026-02-26 16:50:28,754 - INFO - [等待] ...% - 随机延迟 4.17 秒...
2026-02-26 16:50:33,063 - INFO - [解析] 54% - 找到链接: https://tabs.ultimate-guitar.com/tab/olivia-dean/so-easy-to-fall-in-love-chords-5963873
2026-02-26 16:50:33,063 - INFO - [抓取] 54% - 进入详情页下载...
2026-02-26 16:50:35,874 - INFO - [等待] ...% - 随机延迟 3.28 秒...
2026-02-26 16:50:39,186 - INFO - [成功] 54% - 网页保存成功
2026-02-26 16:50:39,206 - INFO - [保存] 54% - 数据已同步到磁盘
2026-02-26 16:50:39,206 - INFO - [等待] ...% - 随机延迟 3.71 秒...
2026-02-26 16:50:42,915 - INFO - [开始] 55% - 正在处理第 55/100 行: Don't Mind If I Do - Riley Green Featuring Ella Langley
2026-02-26 16:50:42,916 - INFO - [导航] 55% - 正在打开首页...
2026-02-26 16:50:48,292 - INFO - [等待] ...% - 随机延迟 3.09 秒...
2026-02-26 16:50:51,387 - INFO - [搜索] 55% - 正在搜索: Riley Green Featuring Ella Langley Don't Mind If I Do
2026-02-26 16:50:52,263 - INFO - [等待] ...% - 随机延迟 4.64 秒...
2026-02-26 16:50:57,051 - INFO - [解析] 55% - 找到链接: https://tabs.ultimate-guitar.com/tab/riley-green/dont-mind-if-i-do-chords-5416062
2026-02-26 16:50:57,051 - INFO - [抓取] 55% - 进入详情页下载...
2026-02-26 16:50:57,438 - INFO - [等待] ...% - 随机延迟 4.26 秒...
2026-02-26 16:51:01,741 - INFO - [成功] 55% - 网页保存成功
2026-02-26 16:51:01,742 - INFO - [等待] ...% - 随机延迟 3.47 秒...
2026-02-26 16:51:05,210 - INFO - [开始] 56% - 正在处理第 56/100 行: Tit For Tat - Tate McRae
2026-02-26 16:51:05,210 - INFO - [导航] 56% - 正在打开首页...
2026-02-26 16:51:06,075 - INFO - [等待] ...% - 随机延迟 3.04 秒...
2026-02-26 16:51:09,120 - INFO - [搜索] 56% - 正在搜索: Tate McRae Tit For Tat
2026-02-26 16:51:09,754 - INFO - [等待] ...% - 随机延迟 4.31 秒...
2026-02-26 16:51:14,137 - INFO - [解析] 56% - 找到链接: https://tabs.ultimate-guitar.com/tab/tate-mcrae/tit-for-tat-chords-5963678
2026-02-26 16:51:14,137 - INFO - [抓取] 56% - 进入详情页下载...
2026-02-26 16:51:14,543 - INFO - [等待] ...% - 随机延迟 5.41 秒...
2026-02-26 16:51:19,986 - INFO - [成功] 56% - 网页保存成功
2026-02-26 16:51:20,002 - INFO - [保存] 56% - 数据已同步到磁盘
2026-02-26 16:51:20,003 - INFO - [等待] ...% - 随机延迟 3.53 秒...
2026-02-26 16:51:23,533 - INFO - [开始] 56% - 正在处理第 57/100 行: wgft - Gunna Featuring Burna Boy
2026-02-26 16:51:23,533 - INFO - [导航] 56% - 正在打开首页...
2026-02-26 16:51:24,372 - INFO - [等待] ...% - 随机延迟 3.94 秒...
2026-02-26 16:51:28,317 - INFO - [搜索] 56% - 正在搜索: Gunna Featuring Burna Boy wgft
2026-02-26 16:51:28,827 - INFO - [等待] ...% - 随机延迟 4.15 秒...
2026-02-26 16:51:33,058 - INFO - [失败] 56% - 未找到搜索结果
2026-02-26 16:51:33,058 - INFO - [等待] ...% - 随机延迟 4.73 秒...
2026-02-26 16:51:37,786 - INFO - [开始] 57% - 正在处理第 58/100 行: 20 Cigarettes - Morgan Wallen
2026-02-26 16:51:37,786 - INFO - [导航] 57% - 正在打开首页...
2026-02-26 16:51:38,416 - INFO - [等待] ...% - 随机延迟 3.56 秒...
2026-02-26 16:51:41,975 - INFO - [搜索] 57% - 正在搜索: Morgan Wallen 20 Cigarettes
2026-02-26 16:51:42,560 - INFO - [等待] ...% - 随机延迟 5.77 秒...
2026-02-26 16:51:48,401 - INFO - [解析] 57% - 找到链接: https://tabs.ultimate-guitar.com/tab/morgan-wallen/20-cigarettes-chords-5798348
2026-02-26 16:51:48,401 - INFO - [抓取] 57% - 进入详情页下载...
2026-02-26 16:51:49,387 - INFO - [等待] ...% - 随机延迟 3.28 秒...
2026-02-26 16:51:52,694 - INFO - [成功] 57% - 网页保存成功
2026-02-26 16:51:52,710 - INFO - [保存] 57% - 数据已同步到磁盘
2026-02-26 16:51:52,710 - INFO - [等待] ...% - 随机延迟 4.08 秒...
2026-02-26 16:51:56,789 - INFO - [开始] 59% - 正在处理第 59/100 行: Is It A Crime - Mariah The Scientist & Kali Uchis
2026-02-26 16:51:56,789 - INFO - [导航] 59% - 正在打开首页...
2026-02-26 16:51:57,537 - INFO - [等待] ...% - 随机延迟 4.94 秒...
2026-02-26 16:52:02,478 - INFO - [搜索] 59% - 正在搜索: Mariah The Scientist & Kali Uchis Is It A Crime
2026-02-26 16:52:03,781 - INFO - [等待] ...% - 随机延迟 4.43 秒...
2026-02-26 16:52:08,367 - INFO - [解析] 59% - 找到链接: https://tabs.ultimate-guitar.com/tab/the-smiths/there-is-a-light-that-never-goes-out-chords-84219
2026-02-26 16:52:08,368 - INFO - [抓取] 59% - 进入详情页下载...
2026-02-26 16:52:09,502 - INFO - [等待] ...% - 随机延迟 4.82 秒...
2026-02-26 16:52:14,358 - INFO - [成功] 59% - 网页保存成功
2026-02-26 16:52:14,359 - INFO - [等待] ...% - 随机延迟 4.88 秒...
2026-02-26 16:52:19,241 - INFO - [开始] 60% - 正在处理第 60/100 行: Gabriela - KATSEYE
2026-02-26 16:52:19,241 - INFO - [导航] 60% - 正在打开首页...
2026-02-26 16:52:19,899 - INFO - [等待] ...% - 随机延迟 3.32 秒...
2026-02-26 16:52:23,224 - INFO - [搜索] 60% - 正在搜索: KATSEYE Gabriela
2026-02-26 16:52:23,988 - INFO - [等待] ...% - 随机延迟 5.76 秒...
2026-02-26 16:52:29,838 - INFO - [解析] 60% - 找到链接: https://tabs.ultimate-guitar.com/tab/5843597
2026-02-26 16:52:29,838 - INFO - [抓取] 60% - 进入详情页下载...
2026-02-26 16:52:30,218 - INFO - [等待] ...% - 随机延迟 4.93 秒...
2026-02-26 16:52:35,175 - INFO - [成功] 60% - 网页保存成功
2026-02-26 16:52:35,193 - INFO - [保存] 60% - 数据已同步到磁盘
2026-02-26 16:52:35,193 - INFO - [等待] ...% - 随机延迟 4.89 秒...
2026-02-26 16:52:40,085 - INFO - [开始] 61% - 正在处理第 61/100 行: Nice To Meet You - Myles Smith
2026-02-26 16:52:40,086 - INFO - [导航] 61% - 正在打开首页...
2026-02-26 16:52:41,053 - INFO - [等待] ...% - 随机延迟 4.10 秒...
2026-02-26 16:52:45,159 - INFO - [搜索] 61% - 正在搜索: Myles Smith Nice To Meet You
2026-02-26 16:52:45,866 - INFO - [等待] ...% - 随机延迟 5.85 秒...
2026-02-26 16:52:51,824 - INFO - [解析] 61% - 找到链接: https://tabs.ultimate-guitar.com/tab/myles-smith/nice-to-meet-you-chords-5503278
2026-02-26 16:52:51,825 - INFO - [抓取] 61% - 进入详情页下载...
2026-02-26 16:52:52,276 - INFO - [等待] ...% - 随机延迟 4.22 秒...
2026-02-26 16:52:56,523 - INFO - [成功] 61% - 网页保存成功
2026-02-26 16:52:56,523 - INFO - [等待] ...% - 随机延迟 4.68 秒...
2026-02-26 16:53:01,202 - INFO - [开始] 62% - 正在处理第 62/100 行: Yukon - Justin Bieber
2026-02-26 16:53:01,203 - INFO - [导航] 62% - 正在打开首页...
2026-02-26 16:53:01,953 - INFO - [等待] ...% - 随机延迟 4.82 秒...
2026-02-26 16:53:06,771 - INFO - [搜索] 62% - 正在搜索: Justin Bieber Yukon
2026-02-26 16:53:07,350 - INFO - [等待] ...% - 随机延迟 5.32 秒...
2026-02-26 16:53:12,749 - INFO - [解析] 62% - 找到链接: https://tabs.ultimate-guitar.com/tab/justin-bieber/yukon-chords-5869751
2026-02-26 16:53:12,749 - INFO - [抓取] 62% - 进入详情页下载...
2026-02-26 16:53:13,178 - INFO - [等待] ...% - 随机延迟 4.51 秒...
2026-02-26 16:53:17,722 - INFO - [成功] 62% - 网页保存成功
2026-02-26 16:53:17,739 - INFO - [保存] 62% - 数据已同步到磁盘
2026-02-26 16:53:17,739 - INFO - [等待] ...% - 随机延迟 4.31 秒...
2026-02-26 16:53:22,050 - INFO - [开始] 63% - 正在处理第 63/100 行: Happen To Me - Russell Dickerson
2026-02-26 16:53:22,051 - INFO - [导航] 63% - 正在打开首页...
2026-02-26 16:53:22,795 - INFO - [等待] ...% - 随机延迟 3.87 秒...
2026-02-26 16:53:26,671 - INFO - [搜索] 63% - 正在搜索: Russell Dickerson Happen To Me
2026-02-26 16:53:27,189 - INFO - [等待] ...% - 随机延迟 5.22 秒...
2026-02-26 16:53:32,484 - INFO - [解析] 63% - 找到链接: https://tabs.ultimate-guitar.com/tab/russell-dickerson/happen-to-me-chords-5680433
2026-02-26 16:53:32,484 - INFO - [抓取] 63% - 进入详情页下载...
2026-02-26 16:53:33,143 - INFO - [等待] ...% - 随机延迟 3.32 秒...
2026-02-26 16:53:36,493 - INFO - [成功] 63% - 网页保存成功
2026-02-26 16:53:36,494 - INFO - [等待] ...% - 随机延迟 4.12 秒...
2026-02-26 16:53:40,617 - INFO - [开始] 64% - 正在处理第 64/100 行: Hell At Night - BigXthaPlug Featuring Ella Langley
2026-02-26 16:53:40,618 - INFO - [导航] 64% - 正在打开首页...
2026-02-26 16:53:41,678 - INFO - [等待] ...% - 随机延迟 4.17 秒...
2026-02-26 16:53:45,846 - INFO - [搜索] 64% - 正在搜索: BigXthaPlug Featuring Ella Langley Hell At Night
2026-02-26 16:53:46,576 - INFO - [等待] ...% - 随机延迟 4.45 秒...
2026-02-26 16:53:51,088 - INFO - [解析] 64% - 找到链接: https://tabs.ultimate-guitar.com/tab/bigxthaplug/hell-at-night-chords-5903988
2026-02-26 16:53:51,088 - INFO - [抓取] 64% - 进入详情页下载...
2026-02-26 16:53:51,797 - INFO - [等待] ...% - 随机延迟 5.21 秒...
2026-02-26 16:53:57,037 - INFO - [成功] 64% - 网页保存成功
2026-02-26 16:53:57,053 - INFO - [保存] 64% - 数据已同步到磁盘
2026-02-26 16:53:57,053 - INFO - [等待] ...% - 随机延迟 4.43 秒...
2026-02-26 16:54:01,483 - INFO - [开始] 65% - 正在处理第 65/100 行: 6 Months Later - Megan Moroney
2026-02-26 16:54:01,483 - INFO - [导航] 65% - 正在打开首页...
2026-02-26 16:54:02,317 - INFO - [等待] ...% - 随机延迟 3.16 秒...
2026-02-26 16:54:05,475 - INFO - [搜索] 65% - 正在搜索: Megan Moroney 6 Months Later
2026-02-26 16:54:06,495 - INFO - [等待] ...% - 随机延迟 4.20 秒...
2026-02-26 16:54:10,763 - INFO - [解析] 65% - 找到链接: https://tabs.ultimate-guitar.com/tab/megan-moroney/6-months-later-chords-5842946
2026-02-26 16:54:10,763 - INFO - [抓取] 65% - 进入详情页下载...
2026-02-26 16:54:11,180 - INFO - [等待] ...% - 随机延迟 3.10 秒...
2026-02-26 16:54:14,310 - INFO - [成功] 65% - 网页保存成功
2026-02-26 16:54:14,311 - INFO - [等待] ...% - 随机延迟 3.40 秒...
2026-02-26 16:54:17,715 - INFO - [开始] 66% - 正在处理第 66/100 行: House Again - Hudson Westbrook
2026-02-26 16:54:17,715 - INFO - [导航] 66% - 正在打开首页...
2026-02-26 16:54:18,519 - INFO - [等待] ...% - 随机延迟 3.76 秒...
2026-02-26 16:54:22,285 - INFO - [搜索] 66% - 正在搜索: Hudson Westbrook House Again
2026-02-26 16:54:22,978 - INFO - [等待] ...% - 随机延迟 5.31 秒...
2026-02-26 16:54:28,354 - INFO - [解析] 66% - 找到链接: https://tabs.ultimate-guitar.com/tab/hudson-westbrook/house-again-chords-5472156
2026-02-26 16:54:28,354 - INFO - [抓取] 66% - 进入详情页下载...
2026-02-26 16:54:28,769 - INFO - [等待] ...% - 随机延迟 5.48 秒...
2026-02-26 16:54:34,282 - INFO - [成功] 66% - 网页保存成功
2026-02-26 16:54:34,297 - INFO - [保存] 66% - 数据已同步到磁盘
2026-02-26 16:54:34,297 - INFO - [等待] ...% - 随机延迟 4.81 秒...
2026-02-26 16:54:39,111 - INFO - [开始] 67% - 正在处理第 67/100 行: Tears - Sabrina Carpenter
2026-02-26 16:54:39,112 - INFO - [导航] 67% - 正在打开首页...
2026-02-26 16:54:40,214 - INFO - [等待] ...% - 随机延迟 3.36 秒...
2026-02-26 16:54:43,572 - INFO - [搜索] 67% - 正在搜索: Sabrina Carpenter Tears
2026-02-26 16:54:44,526 - INFO - [等待] ...% - 随机延迟 5.17 秒...
2026-02-26 16:54:49,773 - INFO - [解析] 67% - 找到链接: https://tabs.ultimate-guitar.com/tab/sabrina-carpenter/tears-chords-5928272
2026-02-26 16:54:49,773 - INFO - [抓取] 67% - 进入详情页下载...
2026-02-26 16:54:51,320 - INFO - [等待] ...% - 随机延迟 4.61 秒...
2026-02-26 16:54:55,966 - INFO - [成功] 67% - 网页保存成功
2026-02-26 16:54:55,967 - INFO - [等待] ...% - 随机延迟 4.13 秒...
2026-02-26 16:55:00,098 - INFO - [开始] 68% - 正在处理第 68/100 行: Better Me For You (Brown Eyes) - Max McNown
2026-02-26 16:55:00,098 - INFO - [导航] 68% - 正在打开首页...
2026-02-26 16:55:00,832 - INFO - [等待] ...% - 随机延迟 3.96 秒...
2026-02-26 16:55:04,798 - INFO - [搜索] 68% - 正在搜索: Max McNown Better Me For You (Brown Eyes)
2026-02-26 16:55:05,425 - INFO - [等待] ...% - 随机延迟 4.07 秒...
2026-02-26 16:55:09,588 - INFO - [解析] 68% - 找到链接: https://tabs.ultimate-guitar.com/tab/max-mcnown/better-me-for-you-brown-eyes-chords-5506878
2026-02-26 16:55:09,588 - INFO - [抓取] 68% - 进入详情页下载...
2026-02-26 16:55:09,964 - INFO - [等待] ...% - 随机延迟 4.16 秒...
2026-02-26 16:55:14,155 - INFO - [成功] 68% - 网页保存成功
2026-02-26 16:55:14,171 - INFO - [保存] 68% - 数据已同步到磁盘
2026-02-26 16:55:14,171 - INFO - [等待] ...% - 随机延迟 4.56 秒...
2026-02-26 16:55:18,730 - INFO - [开始] 69% - 正在处理第 69/100 行: A Couple Minutes - Olivia Dean
2026-02-26 16:55:18,730 - INFO - [导航] 69% - 正在打开首页...
2026-02-26 16:55:19,570 - INFO - [等待] ...% - 随机延迟 3.92 秒...
2026-02-26 16:55:23,487 - INFO - [搜索] 69% - 正在搜索: Olivia Dean A Couple Minutes
2026-02-26 16:55:25,109 - INFO - [等待] ...% - 随机延迟 5.21 秒...
2026-02-26 16:55:30,388 - INFO - [解析] 69% - 找到链接: https://tabs.ultimate-guitar.com/tab/olivia-dean/a-couple-minutes-chords-5964740
2026-02-26 16:55:30,388 - INFO - [抓取] 69% - 进入详情页下载...
2026-02-26 16:55:31,074 - INFO - [等待] ...% - 随机延迟 3.66 秒...
2026-02-26 16:55:34,763 - INFO - [成功] 69% - 网页保存成功
2026-02-26 16:55:34,763 - INFO - [等待] ...% - 随机延迟 4.29 秒...
2026-02-26 16:55:39,056 - INFO - [开始] 70% - 正在处理第 70/100 行: The Fall - Cody Johnson
2026-02-26 16:55:39,056 - INFO - [导航] 70% - 正在打开首页...
2026-02-26 16:55:39,649 - INFO - [等待] ...% - 随机延迟 3.94 秒...
2026-02-26 16:55:43,594 - INFO - [搜索] 70% - 正在搜索: Cody Johnson The Fall
2026-02-26 16:55:44,402 - INFO - [等待] ...% - 随机延迟 4.15 秒...
2026-02-26 16:55:48,664 - INFO - [解析] 70% - 找到链接: https://tabs.ultimate-guitar.com/tab/cody-johnson/the-fall-chords-5490192
2026-02-26 16:55:48,664 - INFO - [抓取] 70% - 进入详情页下载...
2026-02-26 16:55:49,129 - INFO - [等待] ...% - 随机延迟 3.01 秒...
2026-02-26 16:55:52,167 - INFO - [成功] 70% - 网页保存成功
2026-02-26 16:55:52,183 - INFO - [保存] 70% - 数据已同步到磁盘
2026-02-26 16:55:52,184 - INFO - [等待] ...% - 随机延迟 3.58 秒...
2026-02-26 16:55:55,769 - INFO - [开始] 71% - 正在处理第 71/100 行: Shake The Snow Globe - Gwen Stefani
2026-02-26 16:55:55,770 - INFO - [导航] 71% - 正在打开首页...
2026-02-26 16:55:57,373 - INFO - [等待] ...% - 随机延迟 4.90 秒...
2026-02-26 16:56:02,274 - INFO - [搜索] 71% - 正在搜索: Gwen Stefani Shake The Snow Globe
2026-02-26 16:56:03,044 - INFO - [等待] ...% - 随机延迟 4.18 秒...
2026-02-26 16:56:07,329 - INFO - [解析] 71% - 找到链接: https://tabs.ultimate-guitar.com/tab/gwen-stefani/the-sweet-escape-chords-886716
2026-02-26 16:56:07,330 - INFO - [抓取] 71% - 进入详情页下载...
2026-02-26 16:56:08,241 - INFO - [等待] ...% - 随机延迟 4.65 秒...
2026-02-26 16:56:12,924 - INFO - [成功] 71% - 网页保存成功
2026-02-26 16:56:12,924 - INFO - [等待] ...% - 随机延迟 4.42 秒...
2026-02-26 16:56:17,344 - INFO - [开始] 72% - 正在处理第 72/100 行: Shot Callin - YoungBoy Never Broke Again
2026-02-26 16:56:17,344 - INFO - [导航] 72% - 正在打开首页...
2026-02-26 16:56:18,000 - INFO - [等待] ...% - 随机延迟 3.32 秒...
2026-02-26 16:56:21,318 - INFO - [搜索] 72% - 正在搜索: YoungBoy Never Broke Again Shot Callin
2026-02-26 16:56:22,134 - INFO - [等待] ...% - 随机延迟 4.23 秒...
2026-02-26 16:56:26,476 - INFO - [解析] 72% - 找到链接: https://tabs.ultimate-guitar.com/tab/youngboy-never-broke-again/superbowl-tabs-4230724
2026-02-26 16:56:26,476 - INFO - [抓取] 72% - 进入详情页下载...
2026-02-26 16:56:30,974 - INFO - [等待] ...% - 随机延迟 3.95 秒...
2026-02-26 16:56:34,958 - INFO - [成功] 72% - 网页保存成功
2026-02-26 16:56:34,978 - INFO - [保存] 72% - 数据已同步到磁盘
2026-02-26 16:56:34,978 - INFO - [等待] ...% - 随机延迟 3.72 秒...
2026-02-26 16:56:38,698 - INFO - [开始] 73% - 正在处理第 73/100 行: Amen - Shaboozey & Jelly Roll
2026-02-26 16:56:38,699 - INFO - [导航] 73% - 正在打开首页...
2026-02-26 16:56:39,555 - INFO - [等待] ...% - 随机延迟 4.19 秒...
2026-02-26 16:56:43,743 - INFO - [搜索] 73% - 正在搜索: Shaboozey & Jelly Roll Amen
2026-02-26 16:56:44,362 - INFO - [等待] ...% - 随机延迟 4.38 秒...
2026-02-26 16:56:48,819 - INFO - [解析] 73% - 找到链接: https://tabs.ultimate-guitar.com/tab/shaboozey/amen-chords-5768240
2026-02-26 16:56:48,819 - INFO - [抓取] 73% - 进入详情页下载...
2026-02-26 16:56:49,303 - INFO - [等待] ...% - 随机延迟 5.10 秒...
2026-02-26 16:56:54,434 - INFO - [成功] 73% - 网页保存成功
2026-02-26 16:56:54,435 - INFO - [等待] ...% - 随机延迟 3.00 秒...
2026-02-26 16:56:57,440 - INFO - [开始] 74% - 正在处理第 74/100 行: I Thought I Saw Your Face Today - She & Him
2026-02-26 16:56:57,441 - INFO - [导航] 74% - 正在打开首页...
2026-02-26 16:56:58,138 - INFO - [等待] ...% - 随机延迟 4.88 秒...
2026-02-26 16:57:03,023 - INFO - [搜索] 74% - 正在搜索: She & Him I Thought I Saw Your Face Today
2026-02-26 16:57:14,650 - INFO - [等待] ...% - 随机延迟 5.69 秒...
2026-02-26 16:57:20,486 - INFO - [解析] 74% - 找到链接: https://tabs.ultimate-guitar.com/tab/she-him/i-thought-i-saw-your-face-today-chords-777074
2026-02-26 16:57:20,486 - INFO - [抓取] 74% - 进入详情页下载...
2026-02-26 16:57:21,887 - INFO - [等待] ...% - 随机延迟 4.63 秒...
2026-02-26 16:57:26,544 - INFO - [成功] 74% - 网页保存成功
2026-02-26 16:57:26,562 - INFO - [保存] 74% - 数据已同步到磁盘
2026-02-26 16:57:26,562 - INFO - [等待] ...% - 随机延迟 3.62 秒...
2026-02-26 16:57:30,183 - INFO - [开始] 75% - 正在处理第 75/100 行: Eternity - Alex Warren
2026-02-26 16:57:30,184 - INFO - [导航] 75% - 正在打开首页...
2026-02-26 16:57:31,248 - INFO - [等待] ...% - 随机延迟 3.98 秒...
2026-02-26 16:57:35,226 - INFO - [搜索] 75% - 正在搜索: Alex Warren Eternity
2026-02-26 16:57:35,828 - INFO - [等待] ...% - 随机延迟 5.38 秒...
2026-02-26 16:57:41,325 - INFO - [解析] 75% - 找到链接: https://tabs.ultimate-guitar.com/tab/alex-warren/eternity-chords-5879450
2026-02-26 16:57:41,325 - INFO - [抓取] 75% - 进入详情页下载...
2026-02-26 16:57:41,701 - INFO - [等待] ...% - 随机延迟 5.55 秒...
2026-02-26 16:57:47,285 - INFO - [成功] 75% - 网页保存成功
2026-02-26 16:57:47,286 - INFO - [等待] ...% - 随机延迟 3.11 秒...
2026-02-26 16:57:50,393 - INFO - [开始] 76% - 正在处理第 76/100 行: Favorite Country Song - HARDY
2026-02-26 16:57:50,393 - INFO - [导航] 76% - 正在打开首页...
2026-02-26 16:57:51,075 - INFO - [等待] ...% - 随机延迟 3.37 秒...
2026-02-26 16:57:54,447 - INFO - [搜索] 76% - 正在搜索: HARDY Favorite Country Song
2026-02-26 16:57:55,354 - INFO - [等待] ...% - 随机延迟 4.76 秒...
2026-02-26 16:58:00,181 - INFO - [解析] 76% - 找到链接: https://tabs.ultimate-guitar.com/tab/hardy-us-country/favorite-country-song-chords-5749526
2026-02-26 16:58:00,181 - INFO - [抓取] 76% - 进入详情页下载...
2026-02-26 16:58:01,356 - INFO - [等待] ...% - 随机延迟 4.32 秒...
2026-02-26 16:58:05,707 - INFO - [成功] 76% - 网页保存成功
2026-02-26 16:58:05,725 - INFO - [保存] 76% - 数据已同步到磁盘
2026-02-26 16:58:05,726 - INFO - [等待] ...% - 随机延迟 3.16 秒...
2026-02-26 16:58:08,888 - INFO - [开始] 77% - 正在处理第 77/100 行: HA - 21 Savage
2026-02-26 16:58:08,888 - INFO - [导航] 77% - 正在打开首页...
2026-02-26 16:58:09,565 - INFO - [等待] ...% - 随机延迟 3.80 秒...
2026-02-26 16:58:13,369 - INFO - [搜索] 77% - 正在搜索: 21 Savage HA
2026-02-26 16:58:13,901 - INFO - [等待] ...% - 随机延迟 5.09 秒...
2026-02-26 16:58:19,072 - INFO - [失败] 77% - 未找到搜索结果
2026-02-26 16:58:19,072 - INFO - [等待] ...% - 随机延迟 3.00 秒...
2026-02-26 16:58:22,073 - INFO - [开始] 78% - 正在处理第 78/100 行: Dracula - Tame Impala
2026-02-26 16:58:22,074 - INFO - [导航] 78% - 正在打开首页...
2026-02-26 16:58:22,768 - INFO - [等待] ...% - 随机延迟 3.52 秒...
2026-02-26 16:58:26,285 - INFO - [搜索] 78% - 正在搜索: Tame Impala Dracula
2026-02-26 16:58:26,929 - INFO - [等待] ...% - 随机延迟 5.01 秒...
2026-02-26 16:58:32,053 - INFO - [解析] 78% - 找到链接: https://tabs.ultimate-guitar.com/tab/tame-impala/dracula-chords-5963621
2026-02-26 16:58:32,053 - INFO - [抓取] 78% - 进入详情页下载...
2026-02-26 16:58:32,862 - INFO - [等待] ...% - 随机延迟 3.76 秒...
2026-02-26 16:58:36,652 - INFO - [成功] 78% - 网页保存成功
2026-02-26 16:58:36,667 - INFO - [保存] 78% - 数据已同步到磁盘
2026-02-26 16:58:36,668 - INFO - [等待] ...% - 随机延迟 3.89 秒...
2026-02-26 16:58:40,554 - INFO - [开始] 79% - 正在处理第 79/100 行: 12 To 12 - sombr
2026-02-26 16:58:40,554 - INFO - [导航] 79% - 正在打开首页...
2026-02-26 16:58:41,251 - INFO - [等待] ...% - 随机延迟 4.62 秒...
2026-02-26 16:58:45,871 - INFO - [搜索] 79% - 正在搜索: sombr 12 To 12
2026-02-26 16:58:46,476 - INFO - [等待] ...% - 随机延迟 4.32 秒...
2026-02-26 16:58:50,875 - INFO - [解析] 79% - 找到链接: https://tabs.ultimate-guitar.com/tab/sombr/12-to-12-chords-5888240
2026-02-26 16:58:50,875 - INFO - [抓取] 79% - 进入详情页下载...
2026-02-26 16:58:51,376 - INFO - [等待] ...% - 随机延迟 3.02 秒...
2026-02-26 16:58:54,428 - INFO - [成功] 79% - 网页保存成功
2026-02-26 16:58:54,428 - INFO - [等待] ...% - 随机延迟 3.31 秒...
2026-02-26 16:58:57,738 - INFO - [开始] 80% - 正在处理第 80/100 行: How Far Does A Goodbye Go - Jason Aldean
2026-02-26 16:58:57,738 - INFO - [导航] 80% - 正在打开首页...
2026-02-26 16:58:58,443 - INFO - [等待] ...% - 随机延迟 4.89 秒...
2026-02-26 16:59:03,339 - INFO - [搜索] 80% - 正在搜索: Jason Aldean How Far Does A Goodbye Go
2026-02-26 16:59:03,976 - INFO - [等待] ...% - 随机延迟 4.17 秒...
2026-02-26 16:59:08,219 - INFO - [解析] 80% - 找到链接: https://tabs.ultimate-guitar.com/tab/jason-aldean/how-far-does-a-goodbye-go-chords-5946365
2026-02-26 16:59:08,219 - INFO - [抓取] 80% - 进入详情页下载...
2026-02-26 16:59:08,684 - INFO - [等待] ...% - 随机延迟 5.44 秒...
2026-02-26 16:59:14,153 - INFO - [成功] 80% - 网页保存成功
2026-02-26 16:59:14,168 - INFO - [保存] 80% - 数据已同步到磁盘
2026-02-26 16:59:14,169 - INFO - [等待] ...% - 随机延迟 3.03 秒...
2026-02-26 16:59:17,195 - INFO - [开始] 81% - 正在处理第 81/100 行: Take Me Thru Dere - Metro Boomin, Quavo, Breskii & YKNIECE
2026-02-26 16:59:17,195 - INFO - [导航] 81% - 正在打开首页...
2026-02-26 16:59:17,844 - INFO - [等待] ...% - 随机延迟 3.91 秒...
2026-02-26 16:59:21,757 - INFO - [搜索] 81% - 正在搜索: Metro Boomin, Quavo, Breskii & YKNIECE Take Me Thru Dere
2026-02-26 16:59:22,298 - INFO - [等待] ...% - 随机延迟 5.58 秒...
2026-02-26 16:59:27,935 - INFO - [解析] 81% - 找到链接: https://tabs.ultimate-guitar.com/tab/metro-boomin/around-me-chords-5886062
2026-02-26 16:59:27,936 - INFO - [抓取] 81% - 进入详情页下载...
2026-02-26 16:59:28,522 - INFO - [等待] ...% - 随机延迟 4.92 秒...
2026-02-26 16:59:33,474 - INFO - [成功] 81% - 网页保存成功
2026-02-26 16:59:33,475 - INFO - [等待] ...% - 随机延迟 3.76 秒...
2026-02-26 16:59:37,235 - INFO - [开始] 82% - 正在处理第 82/100 行: Turn The Lights Off - KATO Featuring Jon
2026-02-26 16:59:37,235 - INFO - [导航] 82% - 正在打开首页...
2026-02-26 16:59:37,935 - INFO - [等待] ...% - 随机延迟 4.02 秒...
2026-02-26 16:59:41,954 - INFO - [搜索] 82% - 正在搜索: KATO Featuring Jon Turn The Lights Off
2026-02-26 16:59:42,877 - INFO - [等待] ...% - 随机延迟 4.81 秒...
2026-02-26 16:59:47,852 - INFO - [解析] 82% - 找到链接: https://tabs.ultimate-guitar.com/tab/kato/turn-the-lights-off-chords-6079301
2026-02-26 16:59:47,852 - INFO - [抓取] 82% - 进入详情页下载...
2026-02-26 16:59:49,055 - INFO - [等待] ...% - 随机延迟 3.04 秒...
2026-02-26 16:59:52,120 - INFO - [成功] 82% - 网页保存成功
2026-02-26 16:59:52,138 - INFO - [保存] 82% - 数据已同步到磁盘
2026-02-26 16:59:52,138 - INFO - [等待] ...% - 随机延迟 3.68 秒...
2026-02-26 16:59:55,818 - INFO - [开始] 83% - 正在处理第 83/100 行: ErrTime - Cardi B
2026-02-26 16:59:55,818 - INFO - [导航] 83% - 正在打开首页...
2026-02-26 16:59:56,459 - INFO - [等待] ...% - 随机延迟 3.42 秒...
2026-02-26 16:59:59,879 - INFO - [搜索] 83% - 正在搜索: Cardi B ErrTime
2026-02-26 17:00:00,801 - INFO - [等待] ...% - 随机延迟 5.82 秒...
2026-02-26 17:00:06,715 - INFO - [失败] 83% - 未找到搜索结果
2026-02-26 17:00:06,715 - INFO - [等待] ...% - 随机延迟 3.98 秒...
2026-02-26 17:00:10,698 - INFO - [开始] 84% - 正在处理第 84/100 行: Cowgirl - Parmalee
2026-02-26 17:00:10,698 - INFO - [导航] 84% - 正在打开首页...
2026-02-26 17:00:11,579 - INFO - [等待] ...% - 随机延迟 3.22 秒...
2026-02-26 17:00:14,798 - INFO - [搜索] 84% - 正在搜索: Parmalee Cowgirl
2026-02-26 17:00:15,390 - INFO - [等待] ...% - 随机延迟 5.44 秒...
2026-02-26 17:00:20,891 - INFO - [解析] 84% - 找到链接: https://tabs.ultimate-guitar.com/tab/parmalee/cowgirl-chords-5610408
2026-02-26 17:00:20,891 - INFO - [抓取] 84% - 进入详情页下载...
2026-02-26 17:00:21,342 - INFO - [等待] ...% - 随机延迟 5.26 秒...
2026-02-26 17:00:26,629 - INFO - [成功] 84% - 网页保存成功
2026-02-26 17:00:26,646 - INFO - [保存] 84% - 数据已同步到磁盘
2026-02-26 17:00:26,646 - INFO - [等待] ...% - 随机延迟 3.47 秒...
2026-02-26 17:00:30,119 - INFO - [开始] 85% - 正在处理第 85/100 行: Elizabeth Taylor - Taylor Swift
2026-02-26 17:00:30,119 - INFO - [导航] 85% - 正在打开首页...
2026-02-26 17:00:30,746 - INFO - [等待] ...% - 随机延迟 3.68 秒...
2026-02-26 17:00:34,427 - INFO - [搜索] 85% - 正在搜索: Taylor Swift Elizabeth Taylor
2026-02-26 17:00:35,022 - INFO - [等待] ...% - 随机延迟 5.57 秒...
2026-02-26 17:00:40,661 - INFO - [解析] 85% - 找到链接: https://tabs.ultimate-guitar.com/tab/taylor-swift/elizabeth-taylor-chords-5972867
2026-02-26 17:00:40,661 - INFO - [抓取] 85% - 进入详情页下载...
2026-02-26 17:00:41,093 - INFO - [等待] ...% - 随机延迟 3.16 秒...
2026-02-26 17:00:44,294 - INFO - [成功] 85% - 网页保存成功
2026-02-26 17:00:44,294 - INFO - [等待] ...% - 随机延迟 4.76 秒...
2026-02-26 17:00:49,051 - INFO - [开始] 86% - 正在处理第 86/100 行: Where You From - 21 Savage
2026-02-26 17:00:49,051 - INFO - [导航] 86% - 正在打开首页...
2026-02-26 17:00:49,830 - INFO - [等待] ...% - 随机延迟 3.60 秒...
2026-02-26 17:00:53,430 - INFO - [搜索] 86% - 正在搜索: 21 Savage Where You From
2026-02-26 17:00:53,982 - INFO - [等待] ...% - 随机延迟 5.42 秒...
2026-02-26 17:00:59,494 - INFO - [失败] 86% - 未找到搜索结果
2026-02-26 17:00:59,510 - INFO - [保存] 86% - 数据已同步到磁盘
2026-02-26 17:00:59,510 - INFO - [等待] ...% - 随机延迟 3.59 秒...
2026-02-26 17:01:03,100 - INFO - [开始] 87% - 正在处理第 87/100 行: Days Like These - Luke Combs
2026-02-26 17:01:03,101 - INFO - [导航] 87% - 正在打开首页...
2026-02-26 17:01:03,977 - INFO - [等待] ...% - 随机延迟 3.15 秒...
2026-02-26 17:01:07,132 - INFO - [搜索] 87% - 正在搜索: Luke Combs Days Like These
2026-02-26 17:01:07,764 - INFO - [等待] ...% - 随机延迟 4.18 秒...
2026-02-26 17:01:12,014 - INFO - [解析] 87% - 找到链接: https://tabs.ultimate-guitar.com/tab/luke-combs/days-like-these-chords-4381907
2026-02-26 17:01:12,014 - INFO - [抓取] 87% - 进入详情页下载...
2026-02-26 17:01:12,484 - INFO - [等待] ...% - 随机延迟 4.31 秒...
2026-02-26 17:01:16,824 - INFO - [成功] 87% - 网页保存成功
2026-02-26 17:01:16,825 - INFO - [等待] ...% - 随机延迟 3.21 秒...
2026-02-26 17:01:20,036 - INFO - [开始] 88% - 正在处理第 88/100 行: Camera - Ed Sheeran
2026-02-26 17:01:20,036 - INFO - [导航] 88% - 正在打开首页...
2026-02-26 17:01:20,863 - INFO - [等待] ...% - 随机延迟 4.99 秒...
2026-02-26 17:01:25,852 - INFO - [搜索] 88% - 正在搜索: Ed Sheeran Camera
2026-02-26 17:01:26,548 - INFO - [等待] ...% - 随机延迟 5.08 秒...
2026-02-26 17:01:31,702 - INFO - [解析] 88% - 找到链接: https://tabs.ultimate-guitar.com/tab/ed-sheeran/camera-chords-5945564
2026-02-26 17:01:31,703 - INFO - [抓取] 88% - 进入详情页下载...
2026-02-26 17:01:32,156 - INFO - [等待] ...% - 随机延迟 3.83 秒...
2026-02-26 17:01:36,020 - INFO - [成功] 88% - 网页保存成功
2026-02-26 17:01:36,049 - INFO - [保存] 88% - 数据已同步到磁盘
2026-02-26 17:01:36,049 - INFO - [等待] ...% - 随机延迟 3.81 秒...
2026-02-26 17:01:39,860 - INFO - [开始] 89% - 正在处理第 89/100 行: Stepbrothers - 21 Savage & Young Nudy
2026-02-26 17:01:39,860 - INFO - [导航] 89% - 正在打开首页...
2026-02-26 17:01:44,250 - INFO - [等待] ...% - 随机延迟 4.70 秒...
2026-02-26 17:01:48,949 - INFO - [搜索] 89% - 正在搜索: 21 Savage & Young Nudy Stepbrothers
2026-02-26 17:01:50,184 - INFO - [等待] ...% - 随机延迟 5.12 秒...
2026-02-26 17:01:55,378 - INFO - [解析] 89% - 找到链接: https://tabs.ultimate-guitar.com/tab/young-thug/new-chords-2370271
2026-02-26 17:01:55,378 - INFO - [抓取] 89% - 进入详情页下载...
2026-02-26 17:01:57,309 - INFO - [等待] ...% - 随机延迟 5.54 秒...
2026-02-26 17:02:02,871 - INFO - [成功] 89% - 网页保存成功
2026-02-26 17:02:02,872 - INFO - [等待] ...% - 随机延迟 3.48 秒...
2026-02-26 17:02:06,351 - INFO - [开始] 90% - 正在处理第 90/100 行: Last One To Know - Gavin Adcock
2026-02-26 17:02:06,351 - INFO - [导航] 90% - 正在打开首页...
2026-02-26 17:02:07,104 - INFO - [等待] ...% - 随机延迟 4.68 秒...
2026-02-26 17:02:11,785 - INFO - [搜索] 90% - 正在搜索: Gavin Adcock Last One To Know
2026-02-26 17:02:12,455 - INFO - [等待] ...% - 随机延迟 5.26 秒...
2026-02-26 17:02:17,802 - INFO - [解析] 90% - 找到链接: https://tabs.ultimate-guitar.com/tab/gavin-adcock/last-one-to-know-chords-5852393
2026-02-26 17:02:17,802 - INFO - [抓取] 90% - 进入详情页下载...
2026-02-26 17:02:18,465 - INFO - [等待] ...% - 随机延迟 4.71 秒...
2026-02-26 17:02:23,205 - INFO - [成功] 90% - 网页保存成功
2026-02-26 17:02:23,221 - INFO - [保存] 90% - 数据已同步到磁盘
2026-02-26 17:02:23,221 - INFO - [等待] ...% - 随机延迟 4.26 秒...
2026-02-26 17:02:27,482 - INFO - [开始] 91% - 正在处理第 91/100 行: Travelin' Soldier - Cody Johnson
2026-02-26 17:02:27,482 - INFO - [导航] 91% - 正在打开首页...
2026-02-26 17:02:28,335 - INFO - [等待] ...% - 随机延迟 4.80 秒...
2026-02-26 17:02:33,133 - INFO - [搜索] 91% - 正在搜索: Cody Johnson Travelin' Soldier
2026-02-26 17:02:33,853 - INFO - [等待] ...% - 随机延迟 5.58 秒...
2026-02-26 17:02:39,500 - INFO - [解析] 91% - 找到链接: https://tabs.ultimate-guitar.com/tab/cody-johnson/travelin-soldier-chords-3292760
2026-02-26 17:02:39,500 - INFO - [抓取] 91% - 进入详情页下载...
2026-02-26 17:02:40,186 - INFO - [等待] ...% - 随机延迟 4.80 秒...
2026-02-26 17:02:45,020 - INFO - [成功] 91% - 网页保存成功
2026-02-26 17:02:45,020 - INFO - [等待] ...% - 随机延迟 3.25 秒...
2026-02-26 17:02:48,271 - INFO - [开始] 92% - 正在处理第 92/100 行: Gone Gone Gone - David Guetta, Teddy Swims & Tones And I
2026-02-26 17:02:48,271 - INFO - [导航] 92% - 正在打开首页...
2026-02-26 17:02:49,000 - INFO - [等待] ...% - 随机延迟 4.12 秒...
2026-02-26 17:02:53,124 - INFO - [搜索] 92% - 正在搜索: David Guetta, Teddy Swims & Tones And I Gone Gone Gone
2026-02-26 17:02:54,201 - INFO - [等待] ...% - 随机延迟 4.89 秒...
2026-02-26 17:02:59,258 - INFO - [解析] 92% - 找到链接: https://tabs.ultimate-guitar.com/tab/phillip-phillips/gone-gone-gone-chords-1196452
2026-02-26 17:02:59,259 - INFO - [抓取] 92% - 进入详情页下载...
2026-02-26 17:02:59,990 - INFO - [等待] ...% - 随机延迟 5.65 秒...
2026-02-26 17:03:05,670 - INFO - [成功] 92% - 网页保存成功
2026-02-26 17:03:05,685 - INFO - [保存] 92% - 数据已同步到磁盘
2026-02-26 17:03:05,686 - INFO - [等待] ...% - 随机延迟 3.04 秒...
2026-02-26 17:03:08,725 - INFO - [开始] 93% - 正在处理第 93/100 行: Dog $hit - 21 Savage & GloRilla
2026-02-26 17:03:08,726 - INFO - [导航] 93% - 正在打开首页...
2026-02-26 17:03:09,433 - INFO - [等待] ...% - 随机延迟 4.97 秒...
2026-02-26 17:03:14,409 - INFO - [搜索] 93% - 正在搜索: 21 Savage & GloRilla Dog $hit
2026-02-26 17:03:14,957 - INFO - [等待] ...% - 随机延迟 4.78 秒...
2026-02-26 17:03:19,833 - INFO - [失败] 93% - 未找到搜索结果
2026-02-26 17:03:19,833 - INFO - [等待] ...% - 随机延迟 3.87 秒...
2026-02-26 17:03:23,708 - INFO - [开始] 94% - 正在处理第 94/100 行: Chanel - Tyla
2026-02-26 17:03:23,708 - INFO - [导航] 94% - 正在打开首页...
2026-02-26 17:03:24,689 - INFO - [等待] ...% - 随机延迟 3.14 秒...
2026-02-26 17:03:27,832 - INFO - [搜索] 94% - 正在搜索: Tyla Chanel
2026-02-26 17:03:28,549 - INFO - [等待] ...% - 随机延迟 4.74 秒...
2026-02-26 17:03:33,365 - INFO - [解析] 94% - 找到链接: https://tabs.ultimate-guitar.com/tab/tyla/chanel-chords-6039482
2026-02-26 17:03:33,365 - INFO - [抓取] 94% - 进入详情页下载...
2026-02-26 17:03:33,743 - INFO - [等待] ...% - 随机延迟 5.33 秒...
2026-02-26 17:03:39,100 - INFO - [成功] 94% - 网页保存成功
2026-02-26 17:03:39,116 - INFO - [保存] 94% - 数据已同步到磁盘
2026-02-26 17:03:39,116 - INFO - [等待] ...% - 随机延迟 3.34 秒...
2026-02-26 17:03:42,461 - INFO - [开始] 95% - 正在处理第 95/100 行: 4 Raws - EsDeeKid
2026-02-26 17:03:42,461 - INFO - [导航] 95% - 正在打开首页...
2026-02-26 17:03:43,257 - INFO - [等待] ...% - 随机延迟 4.20 秒...
2026-02-26 17:03:47,462 - INFO - [搜索] 95% - 正在搜索: EsDeeKid 4 Raws
2026-02-26 17:03:48,354 - INFO - [等待] ...% - 随机延迟 5.96 秒...
2026-02-26 17:03:54,375 - INFO - [解析] 95% - 找到链接: https://tabs.ultimate-guitar.com/tab/esdeekid/4-raws-tabs-6035759
2026-02-26 17:03:54,375 - INFO - [抓取] 95% - 进入详情页下载...
2026-02-26 17:03:55,092 - INFO - [等待] ...% - 随机延迟 5.55 秒...
2026-02-26 17:04:00,671 - INFO - [成功] 95% - 网页保存成功
2026-02-26 17:04:00,672 - INFO - [等待] ...% - 随机延迟 4.26 秒...
2026-02-26 17:04:04,930 - INFO - [开始] 96% - 正在处理第 96/100 行: Sugar On My Tongue - Tyler, The Creator
2026-02-26 17:04:04,930 - INFO - [导航] 96% - 正在打开首页...
2026-02-26 17:04:05,961 - INFO - [等待] ...% - 随机延迟 3.26 秒...
2026-02-26 17:04:09,219 - INFO - [搜索] 96% - 正在搜索: Tyler, The Creator Sugar On My Tongue
2026-02-26 17:04:10,416 - INFO - [等待] ...% - 随机延迟 5.31 秒...
2026-02-26 17:04:15,878 - INFO - [解析] 96% - 找到链接: https://tabs.ultimate-guitar.com/tab/tyler-the-creator/sugar-on-my-tongue-chords-5884094
2026-02-26 17:04:15,878 - INFO - [抓取] 96% - 进入详情页下载...
2026-02-26 17:04:17,052 - INFO - [等待] ...% - 随机延迟 4.50 秒...
2026-02-26 17:04:21,589 - INFO - [成功] 96% - 网页保存成功
2026-02-26 17:04:21,605 - INFO - [保存] 96% - 数据已同步到磁盘
2026-02-26 17:04:21,605 - INFO - [等待] ...% - 随机延迟 4.34 秒...
2026-02-26 17:04:25,943 - INFO - [开始] 97% - 正在处理第 97/100 行: Father Figure - Taylor Swift
2026-02-26 17:04:25,943 - INFO - [导航] 97% - 正在打开首页...
2026-02-26 17:04:26,863 - INFO - [等待] ...% - 随机延迟 4.11 秒...
2026-02-26 17:04:30,977 - INFO - [搜索] 97% - 正在搜索: Taylor Swift Father Figure
2026-02-26 17:04:31,632 - INFO - [等待] ...% - 随机延迟 5.97 秒...
2026-02-26 17:04:37,669 - INFO - [解析] 97% - 找到链接: https://tabs.ultimate-guitar.com/tab/taylor-swift/father-figure-chords-5972882
2026-02-26 17:04:37,669 - INFO - [抓取] 97% - 进入详情页下载...
2026-02-26 17:04:38,065 - INFO - [等待] ...% - 随机延迟 5.57 秒...
2026-02-26 17:04:43,661 - INFO - [成功] 97% - 网页保存成功
2026-02-26 17:04:43,661 - INFO - [等待] ...% - 随机延迟 3.58 秒...
2026-02-26 17:04:47,240 - INFO - [开始] 98% - 正在处理第 98/100 行: 3am - Loe Shimmy & Don Toliver
2026-02-26 17:04:47,240 - INFO - [导航] 98% - 正在打开首页...
2026-02-26 17:04:48,248 - INFO - [等待] ...% - 随机延迟 3.52 秒...
2026-02-26 17:04:51,774 - INFO - [搜索] 98% - 正在搜索: Loe Shimmy & Don Toliver 3am
2026-02-26 17:04:52,611 - INFO - [等待] ...% - 随机延迟 5.67 秒...
2026-02-26 17:04:58,369 - INFO - [失败] 98% - 未找到搜索结果
2026-02-26 17:04:58,386 - INFO - [保存] 98% - 数据已同步到磁盘
2026-02-26 17:04:58,386 - INFO - [等待] ...% - 随机延迟 3.36 秒...
2026-02-26 17:05:01,752 - INFO - [开始] 99% - 正在处理第 99/100 行: Darlin' - Chase Matthew
2026-02-26 17:05:01,752 - INFO - [导航] 99% - 正在打开首页...
2026-02-26 17:05:02,505 - INFO - [等待] ...% - 随机延迟 3.36 秒...
2026-02-26 17:05:05,865 - INFO - [搜索] 99% - 正在搜索: Chase Matthew Darlin'
2026-02-26 17:05:06,524 - INFO - [等待] ...% - 随机延迟 4.07 秒...
2026-02-26 17:05:10,746 - INFO - [解析] 99% - 找到链接: https://tabs.ultimate-guitar.com/tab/chase-matthew/darlin-chords-5149597
2026-02-26 17:05:10,746 - INFO - [抓取] 99% - 进入详情页下载...
2026-02-26 17:05:11,362 - INFO - [等待] ...% - 随机延迟 3.66 秒...
2026-02-26 17:05:15,050 - INFO - [成功] 99% - 网页保存成功
2026-02-26 17:05:15,050 - INFO - [等待] ...% - 随机延迟 3.84 秒...
2026-02-26 17:05:18,892 - INFO - [开始] 100% - 正在处理第 100/100 行: I Ain't Coming Back - Morgan Wallen Featuring Post Malone
2026-02-26 17:05:18,892 - INFO - [导航] 100% - 正在打开首页...
2026-02-26 17:05:19,851 - INFO - [等待] ...% - 随机延迟 4.47 秒...
2026-02-26 17:05:24,325 - INFO - [搜索] 100% - 正在搜索: Morgan Wallen Featuring Post Malone I Ain't Coming Back
2026-02-26 17:05:25,054 - INFO - [等待] ...% - 随机延迟 5.36 秒...
2026-02-26 17:05:30,504 - INFO - [解析] 100% - 找到链接: https://tabs.ultimate-guitar.com/tab/post-malone/i-had-some-help-chords-5263659
2026-02-26 17:05:30,504 - INFO - [抓取] 100% - 进入详情页下载...
2026-02-26 17:05:31,253 - INFO - [等待] ...% - 随机延迟 4.88 秒...
2026-02-26 17:05:36,165 - INFO - [成功] 100% - 网页保存成功
2026-02-26 17:05:36,182 - INFO - [保存] 100% - 数据已同步到磁盘
2026-02-26 17:05:36,183 - INFO - [等待] ...% - 随机延迟 4.20 秒...
2026-02-26 17:05:40,384 - INFO - [结束] 100% - 正在保存最终结果并退出...
